This is pdfTeX, Version 3.14159265-2.6-1.40.16 (TeX Live 2015/Debian) (preloaded format=pdflatex 2018.2.4)  9 FEB 2018 17:40
entering extended mode
 restricted \write18 enabled.
 %&-line parsing enabled.
**main.tex
(./main.tex
LaTeX2e <2016/02/01>
Babel <3.9q> and hyphenation patterns for 6 language(s) loaded.
(./abntbibifspcampinas.cls
Document Class: abntbibifspcampinas 2017/10/30 v 1.0
(/usr/share/texlive/texmf-dist/tex/latex/base/ifthen.sty
Package: ifthen 2014/09/29 v1.1c Standard LaTeX ifthen package (DPC)
)
(/usr/share/texlive/texmf-dist/tex/latex/memoir/memoir.cls
Document Class: memoir 2015/07/08 v3.7e configurable book, report, article docu
ment class
\onelineskip=\skip41
\lxvchars=\skip42
\xlvchars=\skip43
\@memcnta=\count79
\c@@memmarkcntra=\count80
(/usr/share/texlive/texmf-dist/tex/generic/oberdiek/ifpdf.sty
Package: ifpdf 2011/01/30 v2.3 Provides the ifpdf switch (HO)
Package ifpdf Info: pdfTeX in PDF mode is detected.
)
Class memoir Info: An `ifetex' package is being emulated on input line 265.

(/usr/share/texlive/texmf-dist/tex/generic/ifxetex/ifxetex.sty
Package: ifxetex 2010/09/12 v0.6 Provides ifxetex conditional
)
(/usr/share/texlive/texmf-dist/tex/generic/oberdiek/ifluatex.sty
Package: ifluatex 2010/03/01 v1.3 Provides the ifluatex switch (HO)
Package ifluatex Info: LuaTeX not detected.
)
\stockheight=\skip44
\stockwidth=\skip45
\trimtop=\skip46
\trimedge=\skip47

(/usr/share/texlive/texmf-dist/tex/latex/memoir/mem12.clo
File: mem12.clo 2010/10/19 v0.4b memoir class 12pt size option
)
\binding=\skip48
\spinemargin=\skip49
\foremargin=\skip50
\uppermargin=\skip51
\lowermargin=\skip52
\headdrop=\skip53
\normalrulethickness=\skip54
\mem@maxheadheight=\skip55
\mem@maxfootheight=\skip56
\headwidth=\skip57
\c@storedpagenumber=\count81
\memPD=\dimen102
\m@mabparskip=\skip58
\thanksmarkwidth=\skip59
\thanksmarksep=\skip60
\droptitle=\skip61
\c@book=\count82
\c@part=\count83
\c@chapter=\count84
\c@section=\count85
\c@subsection=\count86
\c@subsubsection=\count87
\c@paragraph=\count88
\c@subparagraph=\count89
\beforechapskip=\skip62
\midchapskip=\skip63
\afterchapskip=\skip64
\chapindent=\skip65
\bottomsectionskip=\skip66
\secindent=\skip67
\beforesecskip=\skip68
\aftersecskip=\skip69
\subsecindent=\skip70
\beforesubsecskip=\skip71
\aftersubsecskip=\skip72
\subsubsecindent=\skip73
\beforesubsubsecskip=\skip74
\aftersubsubsecskip=\skip75
\paraindent=\skip76
\beforeparaskip=\skip77
\afterparaskip=\skip78
\subparaindent=\skip79
\beforesubparaskip=\skip80
\aftersubparaskip=\skip81
\pfbreakskip=\skip82
\c@@ppsavesec=\count90
\c@@ppsaveapp=\count91
\ragrparindent=\dimen103
\everylistparindent=\dimen104
\parsepi=\skip83
\topsepi=\skip84
\itemsepi=\skip85
\parsepii=\skip86
\topsepii=\skip87
\topsepiii=\skip88
\itemsepii=\skip89
\itemsepiii=\skip90
\partopsepii=\skip91
\partopsepiii=\skip92
\m@msavetopsep=\skip93
\m@msavepartopsep=\skip94
\@enLab=\toks14
\abstitleskip=\skip95
\absleftindent=\skip96
\abs@leftindent=\dimen105
\absrightindent=\skip97
\absparindent=\skip98
\absparsep=\skip99
\c@vslineno=\count92
\c@poemline=\count93
\c@modulo@vs=\count94
\c@memfvsline=\count95
\vleftskip=\skip100
\vrightskip=\skip101
\stanzaskip=\skip102
\versewidth=\skip103
\vgap=\skip104
\vindent=\skip105
\vleftmargin=\dimen106
\c@verse=\count96
\c@chrsinstr=\count97
\beforepoemtitleskip=\skip106
\afterpoemtitleskip=\skip107
\c@poem=\count98
\beforePoemTitleskip=\skip108
\midPoemTitleskip=\skip109
\afterPoemTitleskip=\skip110
\col@sep=\dimen107
\extrarowheight=\dimen108
\NC@list=\toks15
\extratabsurround=\skip111
\backup@length=\skip112
\TX@col@width=\dimen109
\TX@old@table=\dimen110
\TX@old@col=\dimen111
\TX@target=\dimen112
\TX@delta=\dimen113
\TX@cols=\count99
\TX@ftn=\toks16
\heavyrulewidth=\dimen114
\lightrulewidth=\dimen115
\cmidrulewidth=\dimen116
\belowrulesep=\dimen117
\belowbottomsep=\dimen118
\aboverulesep=\dimen119
\abovetopsep=\dimen120
\cmidrulesep=\dimen121
\cmidrulekern=\dimen122
\defaultaddspace=\dimen123
\@cmidla=\count100
\@cmidlb=\count101
\@aboverulesep=\dimen124
\@belowrulesep=\dimen125
\@thisruleclass=\count102
\@lastruleclass=\count103
\@thisrulewidth=\dimen126
\ctableftskip=\skip113
\ctabrightskip=\skip114
\abovecolumnspenalty=\count104
\@linestogo=\count105
\@cellstogo=\count106
\@cellsincolumn=\count107
\crtok=\toks17
\@mincolumnwidth=\dimen127
\c@newflo@tctr=\count108
\mem@margin@floatbox=\box26
\@contcwidth=\skip115
\@contindw=\skip116
\abovecaptionskip=\skip117
\belowcaptionskip=\skip118
\subfloattopskip=\skip119
\subfloatcapskip=\skip120
\subfloatcaptopadj=\skip121
\subfloatbottomskip=\skip122
\subfloatlabelskip=\skip123
\subfloatcapmargin=\dimen128
\c@@contsubnum=\count109
\m@mscap@capbox=\box27
\m@mscap@fbox=\box28
\sidecapsep=\dimen129
\sidecapwidth=\dimen130
\m@m@tempdima=\dimen131
\m@mscapraise=\dimen132
\sidecapraise=\dimen133
\m@mscapmainwidth=\dimen134
\m@mscaplkern=\dimen135
\beforeepigraphskip=\skip124
\afterepigraphskip=\skip125
\epigraphwidth=\skip126
\epigraphrule=\skip127
LaTeX Info: Redefining \em on input line 7535.
LaTeX Info: Redefining \emph on input line 7543.
\tocentryskip=\skip128
\tocbaseline=\skip129
\cftparskip=\skip130
\cftbeforebookskip=\skip131
\cftbookindent=\dimen136
\cftbooknumwidth=\dimen137
\cftbeforepartskip=\skip132
\cftpartindent=\skip133
\cftpartnumwidth=\skip134
\cftbeforechapterskip=\skip135
\cftchapterindent=\skip136
\cftchapternumwidth=\skip137
\cftbeforesectionskip=\skip138
\cftsectionindent=\skip139
\cftsectionnumwidth=\skip140
\cftbeforesubsectionskip=\skip141
\cftsubsectionindent=\skip142
\cftsubsectionnumwidth=\skip143
\cftbeforesubsubsectionskip=\skip144
\cftsubsubsectionindent=\skip145
\cftsubsubsectionnumwidth=\skip146
\cftbeforeparagraphskip=\skip147
\cftparagraphindent=\skip148
\cftparagraphnumwidth=\skip149
\cftbeforesubparagraphskip=\skip150
\cftsubparagraphindent=\skip151
\cftsubparagraphnumwidth=\skip152
\prechapterprecisshift=\dimen138
\c@maxsecnumdepth=\count110
\bibindent=\dimen139
\bibitemsep=\skip153
\indexcolsep=\skip154
\indexrule=\skip155
\indexmarkstyle=\toks18
\@indexbox=\insert199
\glossarycolsep=\dimen140
\glossaryrule=\dimen141
\sideparvshift=\skip156
\sideins=\insert198
\sidebartopsep=\skip157
\sidebarhsep=\skip158
\sidebarvsep=\skip159
\sidebarwidth=\skip160
\footmarkwidth=\skip161
\footmarksep=\skip162
\footparindent=\skip163
\footinsdim=\skip164
\footinsv@r=\insert197
\@mpfootinsv@r=\insert196
\m@m@k=\count111
\m@m@h=\dimen142
\m@mipn@skip=\skip165
\sidefootins=\insert195
\sidefootadjust=\skip166
\sidefootheight=\skip167
\sidefoothsep=\skip168
\sidefootvsep=\skip169
\sidefootwidth=\skip170
\m@mdownsf=\skip171
\c@sidefootnote=\count112
\sidefootmarkwidth=\skip172
\sidefootmarksep=\skip173
\sidefootparindent=\skip174
\c@pagenote=\count113
\c@pagenoteshadow=\count114
\mem@pn@lastkern=\skip175
\every@verbatim=\toks19
\afterevery@verbatim=\toks20
\verbatim@line=\toks21
\tab@position=\count115
\verbatim@in@stream=\read1
\verbatimindent=\skip176
\verbatim@out=\write3
\bvboxsep=\skip177
\c@memfbvline=\count116
\c@bvlinectr=\count117
\bvnumlength=\skip178
\fb@frw=\dimen143
\fb@frh=\dimen144
\FrameRule=\dimen145
\FrameSep=\dimen146
\c@cp@cntr=\count118
LaTeX Info: Redefining \: on input line 12052.
LaTeX Info: Redefining \! on input line 12054.
\c@ism@mctr=\count119
\c@xsm@mctr=\count120
\c@csm@mctr=\count121
\c@ksm@mctr=\count122
\c@xksm@mctr=\count123
\c@cksm@mctr=\count124
\c@msm@mctr=\count125
\c@xmsm@mctr=\count126
\c@cmsm@mctr=\count127
\c@bsm@mctr=\count128
\c@workm@mctr=\count129
\c@sheetsequence=\count130
\c@lastsheet=\count131
\c@lastpage=\count132
\c@figure=\count133
\c@lofdepth=\count134
\cftbeforefigureskip=\skip179
\cftfigureindent=\skip180
\cftfigurenumwidth=\skip181
\c@table=\count135
\c@lotdepth=\count136
\cftbeforetableskip=\skip182
\cfttableindent=\skip183
\cfttablenumwidth=\skip184
Package abstract [2008/07/23] emulated by memoir.
Package appendix [2008/07/23] emulated by memoir.
Package array [2008/09/09] emulated by memoir.
Package booktabs [2008/07/23] emulated by memoir.
Package ccaption [2008/07/23] emulated by memoir.
Package changepage [2008/07/23] emulated by memoir.
Package chngcntr [2008/07/23] emulated by memoir.
Package chngpage [2008/07/23] emulated by memoir.
Package crop emulated by memoir.
Package dcolumn [2008/07/23] emulated by memoir.
Package delarray [2008/07/23] emulated by memoir.
Package enumerate [2008/07/23] emulated by memoir.
Package epigraph [2008/07/23] emulated by memoir.
Package ifmtarg [2008/07/23] emulated by memoir.
Package ifetex [2008/07/23] emulated by memoir.
Package index [2008/07/23] emulated by memoir.
Package makeidx [2008/07/23] emulated by memoir.
Package moreverb [2008/07/23] emulated by memoir.
Package mparhack [2008/07/23] emulated by memoir.
Package needspace [2008/07/23] emulated by memoir.
Package newfile [2008/07/23] emulated by memoir.
Package nextpage [2008/07/23] emulated by memoir.
Package pagenote [2008/07/23] emulated by memoir.
Package parskip [2008/07/23] emulated by memoir.
Package patchcmd [2008/07/23] emulated by memoir.
Package setspace [2008/07/23] emulated by memoir.
Package shortvrb [2008/07/23] emulated by memoir.
Package showidx [2008/07/23] emulated by memoir.
Package tabularx [2008/07/23] emulated by memoir.
Package titleref [2008/07/23] emulated by memoir.
Package titling [2008/07/23] emulated by memoir.
Package tocbibind [2008/07/23] emulated by memoir.
Package tocloft [2008/07/23] emulated by memoir.
Package tocvsec2 [2008/07/23] emulated by memoir.
Package verbatim [2008/07/23] emulated by memoir.
Package verse [2008/07/23] emulated by memoir.

(/usr/share/texlive/texmf-dist/tex/latex/memoir/mempatch.sty
Package: mempatch 2009/07/24 v6.0f Patches for memoir class v1.6180339
))
(/usr/share/texlive/texmf-dist/tex/latex/hyperref/hyperref.sty
Package: hyperref 2012/11/06 v6.83m Hypertext links for LaTeX

(/usr/share/texlive/texmf-dist/tex/generic/oberdiek/hobsub-hyperref.sty
Package: hobsub-hyperref 2012/05/28 v1.13 Bundle oberdiek, subset hyperref (HO)


(/usr/share/texlive/texmf-dist/tex/generic/oberdiek/hobsub-generic.sty
Package: hobsub-generic 2012/05/28 v1.13 Bundle oberdiek, subset generic (HO)
Package: hobsub 2012/05/28 v1.13 Construct package bundles (HO)
Package: infwarerr 2010/04/08 v1.3 Providing info/warning/error messages (HO)
Package: ltxcmds 2011/11/09 v1.22 LaTeX kernel commands for general use (HO)
Package hobsub Info: Skipping package `ifluatex' (already loaded).
Package: ifvtex 2010/03/01 v1.5 Detect VTeX and its facilities (HO)
Package ifvtex Info: VTeX not detected.
Package: intcalc 2007/09/27 v1.1 Expandable calculations with integers (HO)
Package hobsub Info: Skipping package `ifpdf' (already loaded).
Package: etexcmds 2011/02/16 v1.5 Avoid name clashes with e-TeX commands (HO)
Package etexcmds Info: Could not find \expanded.
(etexcmds)             That can mean that you are not using pdfTeX 1.50 or
(etexcmds)             that some package has redefined \expanded.
(etexcmds)             In the latter case, load this package earlier.
Package: kvsetkeys 2012/04/25 v1.16 Key value parser (HO)
Package: kvdefinekeys 2011/04/07 v1.3 Define keys (HO)
Package: pdftexcmds 2011/11/29 v0.20 Utility functions of pdfTeX for LuaTeX (HO
)
Package pdftexcmds Info: LuaTeX not detected.
Package pdftexcmds Info: \pdf@primitive is available.
Package pdftexcmds Info: \pdf@ifprimitive is available.
Package pdftexcmds Info: \pdfdraftmode found.
Package: pdfescape 2011/11/25 v1.13 Implements pdfTeX's escape features (HO)
Package: bigintcalc 2012/04/08 v1.3 Expandable calculations on big integers (HO
)
Package: bitset 2011/01/30 v1.1 Handle bit-vector datatype (HO)
Package: uniquecounter 2011/01/30 v1.2 Provide unlimited unique counter (HO)
)
Package hobsub Info: Skipping package `hobsub' (already loaded).
Package: letltxmacro 2010/09/02 v1.4 Let assignment for LaTeX macros (HO)
Package: hopatch 2012/05/28 v1.2 Wrapper for package hooks (HO)
Package: xcolor-patch 2011/01/30 xcolor patch
Package: atveryend 2011/06/30 v1.8 Hooks at the very end of document (HO)
Package atveryend Info: \enddocument detected (standard20110627).
Package: atbegshi 2011/10/05 v1.16 At begin shipout hook (HO)
Package: refcount 2011/10/16 v3.4 Data extraction from label references (HO)
Package: hycolor 2011/01/30 v1.7 Color options for hyperref/bookmark (HO)
)
(/usr/share/texlive/texmf-dist/tex/latex/graphics/keyval.sty
Package: keyval 2014/10/28 v1.15 key=value parser (DPC)
\KV@toks@=\toks22
)
(/usr/share/texlive/texmf-dist/tex/latex/oberdiek/auxhook.sty
Package: auxhook 2011/03/04 v1.3 Hooks for auxiliary files (HO)
)
(/usr/share/texlive/texmf-dist/tex/latex/oberdiek/kvoptions.sty
Package: kvoptions 2011/06/30 v3.11 Key value format for package options (HO)
)
\@linkdim=\dimen147
\Hy@linkcounter=\count137
\Hy@pagecounter=\count138

(/usr/share/texlive/texmf-dist/tex/latex/hyperref/pd1enc.def
File: pd1enc.def 2012/11/06 v6.83m Hyperref: PDFDocEncoding definition (HO)
)
\Hy@SavedSpaceFactor=\count139

(/usr/share/texlive/texmf-dist/tex/latex/latexconfig/hyperref.cfg
File: hyperref.cfg 2002/06/06 v1.2 hyperref configuration of TeXLive
)
Package hyperref Info: Option `hypertexnames' set `false' on input line 4319.
Package hyperref Info: Hyper figures OFF on input line 4443.
Package hyperref Info: Link nesting OFF on input line 4448.
Package hyperref Info: Hyper index ON on input line 4451.
Package hyperref Info: Plain pages OFF on input line 4458.
Package hyperref Info: Backreferencing OFF on input line 4463.
Package hyperref Info: Implicit mode ON; LaTeX internals redefined.
Package hyperref Info: Bookmarks ON on input line 4688.
\c@Hy@tempcnt=\count140

(/usr/share/texlive/texmf-dist/tex/latex/url/url.sty
\Urlmuskip=\muskip10
Package: url 2013/09/16  ver 3.4  Verb mode for urls, etc.
)
LaTeX Info: Redefining \url on input line 5041.
\XeTeXLinkMargin=\dimen148
\Fld@menulength=\count141
\Field@Width=\dimen149
\Fld@charsize=\dimen150
Package hyperref Info: Hyper figures OFF on input line 6295.
Package hyperref Info: Link nesting OFF on input line 6300.
Package hyperref Info: Hyper index ON on input line 6303.
Package hyperref Info: backreferencing OFF on input line 6310.
Package hyperref Info: Link coloring OFF on input line 6315.
Package hyperref Info: Link coloring with OCG OFF on input line 6320.
Package hyperref Info: PDF/A mode OFF on input line 6325.
LaTeX Info: Redefining \ref on input line 6365.
LaTeX Info: Redefining \pageref on input line 6369.
\Hy@abspage=\count142
\c@Item=\count143
\c@Hfootnote=\count144
)
(/usr/share/texlive/texmf-dist/tex/latex/memoir/memhfixc.sty
Package: memhfixc 2013/05/30 v1.17 nameref/hyperref package fixes for memoir cl
ass
\c@memhycontfloat=\count145
\c@Hpagenote=\count146
)

Package hyperref Message: Driver (autodetected): hpdftex.

(/usr/share/texlive/texmf-dist/tex/latex/hyperref/hpdftex.def
File: hpdftex.def 2012/11/06 v6.83m Hyperref driver for pdfTeX
\Fld@listcount=\count147
\c@bookmark@seq@number=\count148

(/usr/share/texlive/texmf-dist/tex/latex/oberdiek/rerunfilecheck.sty
Package: rerunfilecheck 2011/04/15 v1.7 Rerun checks for auxiliary files (HO)
Package uniquecounter Info: New unique counter `rerunfilecheck' on input line 2
82.
)
\Hy@SectionHShift=\skip185
)
(/usr/share/texlive/texmf-dist/tex/latex/oberdiek/bookmark.sty
Package: bookmark 2011/12/02 v1.24 PDF bookmarks (HO)

(/usr/share/texlive/texmf-dist/tex/latex/oberdiek/bkm-pdftex.def
File: bkm-pdftex.def 2011/12/02 v1.24 bookmark driver for pdfTeX (HO)
\BKM@id=\count149
))
(/usr/share/texlive/texmf-dist/tex/generic/babel/babel.sty
Package: babel 2016/02/24 3.9q The Babel package

(/usr/share/texlive/texmf-dist/tex/generic/babel-english/english.ldf
Language: english 2012/08/20 v3.3p English support from the babel system

(/usr/share/texlive/texmf-dist/tex/generic/babel/babel.def
File: babel.def 2016/02/24 3.9q Babel common definitions
\babel@savecnt=\count150
\U@D=\dimen151
)
\l@canadian = a dialect from \language\l@american 
\l@australian = a dialect from \language\l@british 
\l@newzealand = a dialect from \language\l@british 
)
(/usr/share/texlive/texmf-dist/tex/generic/babel-portuges/portuges.ldf
Language: portuges 2008/03/18 v1.2q Portuguese support from the babel system
\l@brazil = a dialect from \language\l@portuges 
Package babel Info: Making " an active character on input line 145.
))
(/usr/share/texlive/texmf-dist/tex/latex/enumitem/enumitem.sty
Package: enumitem 2011/09/28 v3.5.2 Customized lists
\labelindent=\skip186
\enit@outerparindent=\dimen152
\enit@toks=\toks23
\enit@inbox=\box29
\enitdp@description=\count151
)
(/usr/share/texlive/texmf-dist/tex/latex/tools/calc.sty
Package: calc 2014/10/28 v4.3 Infix arithmetic (KKT,FJ)
\calc@Acount=\count152
\calc@Bcount=\count153
\calc@Adimen=\dimen153
\calc@Bdimen=\dimen154
\calc@Askip=\skip187
\calc@Bskip=\skip188
LaTeX Info: Redefining \setlength on input line 80.
LaTeX Info: Redefining \addtolength on input line 81.
\calc@Ccount=\count154
\calc@Cskip=\skip189
)

******************************************************
Stock height and width: 845.04684pt by 597.50787pt
Top and edge trims: 0pt and 0pt
Page height and width: 845.04684pt by 597.50787pt
Text height and width: 708pt by 455pt
Spine and edge margins: 85.35826pt and 56.9055pt
Upper and lower margins: 85.35826pt and 51.68858pt
Headheight and headsep: 14.5pt and 19.8738pt
Footskip: 30pt
Columnsep and columnseprule: 10pt and 0pt
Marginparsep and marginparwidth: 7pt and 42.9055pt
Sidecapsep and sidecapwidth: 7pt and 42pt
Sidebarhsep and sidebarwidth: 7pt and 42pt
Sidebarvsep and sidebartopsep: 14.5pt and 0pt
Sidebarheight: 590.14995pt
Sidefoothsep and sidefootwidth: 7pt and 42pt
Sidefootvsep and sidefootheight: 14.5pt and 590.14995pt
******************************************************

\c@bookmarkcounter=\count155
\cftlastnumwidth=\skip190
\chapternamenumlength=\skip191
\citacaorecuo=\skip192
\c@alineasi=\count156
\c@alineasii=\count157
\enitdp@alineas=\count158
\c@subalineasi=\count159
\enitdp@subalineas=\count160
\c@incisosi=\count161
\enitdp@incisos=\count162
\signwidth=\skip193
\signthickness=\skip194
\signskip=\skip256
) (/usr/share/texmf/tex/latex/lm/lmodern.sty
Package: lmodern 2009/10/30 v1.6 Latin Modern Fonts
LaTeX Font Info:    Overwriting symbol font `operators' in version `normal'
(Font)                  OT1/cmr/m/n --> OT1/lmr/m/n on input line 22.
LaTeX Font Info:    Overwriting symbol font `letters' in version `normal'
(Font)                  OML/cmm/m/it --> OML/lmm/m/it on input line 23.
LaTeX Font Info:    Overwriting symbol font `symbols' in version `normal'
(Font)                  OMS/cmsy/m/n --> OMS/lmsy/m/n on input line 24.
LaTeX Font Info:    Overwriting symbol font `largesymbols' in version `normal'
(Font)                  OMX/cmex/m/n --> OMX/lmex/m/n on input line 25.
LaTeX Font Info:    Overwriting symbol font `operators' in version `bold'
(Font)                  OT1/cmr/bx/n --> OT1/lmr/bx/n on input line 26.
LaTeX Font Info:    Overwriting symbol font `letters' in version `bold'
(Font)                  OML/cmm/b/it --> OML/lmm/b/it on input line 27.
LaTeX Font Info:    Overwriting symbol font `symbols' in version `bold'
(Font)                  OMS/cmsy/b/n --> OMS/lmsy/b/n on input line 28.
LaTeX Font Info:    Overwriting symbol font `largesymbols' in version `bold'
(Font)                  OMX/cmex/m/n --> OMX/lmex/m/n on input line 29.
LaTeX Font Info:    Overwriting math alphabet `\mathbf' in version `normal'
(Font)                  OT1/cmr/bx/n --> OT1/lmr/bx/n on input line 31.
LaTeX Font Info:    Overwriting math alphabet `\mathsf' in version `normal'
(Font)                  OT1/cmss/m/n --> OT1/lmss/m/n on input line 32.
LaTeX Font Info:    Overwriting math alphabet `\mathit' in version `normal'
(Font)                  OT1/cmr/m/it --> OT1/lmr/m/it on input line 33.
LaTeX Font Info:    Overwriting math alphabet `\mathtt' in version `normal'
(Font)                  OT1/cmtt/m/n --> OT1/lmtt/m/n on input line 34.
LaTeX Font Info:    Overwriting math alphabet `\mathbf' in version `bold'
(Font)                  OT1/cmr/bx/n --> OT1/lmr/bx/n on input line 35.
LaTeX Font Info:    Overwriting math alphabet `\mathsf' in version `bold'
(Font)                  OT1/cmss/bx/n --> OT1/lmss/bx/n on input line 36.
LaTeX Font Info:    Overwriting math alphabet `\mathit' in version `bold'
(Font)                  OT1/cmr/bx/it --> OT1/lmr/bx/it on input line 37.
LaTeX Font Info:    Overwriting math alphabet `\mathtt' in version `bold'
(Font)                  OT1/cmtt/m/n --> OT1/lmtt/m/n on input line 38.
)
(/usr/share/texlive/texmf-dist/tex/latex/base/fontenc.sty
Package: fontenc 2005/09/27 v1.99g Standard LaTeX package

(/usr/share/texlive/texmf-dist/tex/latex/base/t1enc.def
File: t1enc.def 2005/09/27 v1.99g Standard LaTeX file
LaTeX Font Info:    Redeclaring font encoding T1 on input line 48.
))
(/usr/share/texlive/texmf-dist/tex/latex/base/inputenc.sty
Package: inputenc 2015/03/17 v1.2c Input encoding file
\inpenc@prehook=\toks24
\inpenc@posthook=\toks25

(/usr/share/texlive/texmf-dist/tex/latex/base/utf8.def
File: utf8.def 2015/12/03 v1.1r UTF-8 support for inputenc
Now handling font encoding OML ...
... no UTF-8 mapping file for font encoding OML
Now handling font encoding T1 ...
... processing UTF-8 mapping file for font encoding T1

(/usr/share/texlive/texmf-dist/tex/latex/base/t1enc.dfu
File: t1enc.dfu 2015/12/03 v1.1r UTF-8 support for inputenc
   defining Unicode char U+00A0 (decimal 160)
   defining Unicode char U+00A1 (decimal 161)
   defining Unicode char U+00A3 (decimal 163)
   defining Unicode char U+00AB (decimal 171)
   defining Unicode char U+00AD (decimal 173)
   defining Unicode char U+00BB (decimal 187)
   defining Unicode char U+00BF (decimal 191)
   defining Unicode char U+00C0 (decimal 192)
   defining Unicode char U+00C1 (decimal 193)
   defining Unicode char U+00C2 (decimal 194)
   defining Unicode char U+00C3 (decimal 195)
   defining Unicode char U+00C4 (decimal 196)
   defining Unicode char U+00C5 (decimal 197)
   defining Unicode char U+00C6 (decimal 198)
   defining Unicode char U+00C7 (decimal 199)
   defining Unicode char U+00C8 (decimal 200)
   defining Unicode char U+00C9 (decimal 201)
   defining Unicode char U+00CA (decimal 202)
   defining Unicode char U+00CB (decimal 203)
   defining Unicode char U+00CC (decimal 204)
   defining Unicode char U+00CD (decimal 205)
   defining Unicode char U+00CE (decimal 206)
   defining Unicode char U+00CF (decimal 207)
   defining Unicode char U+00D0 (decimal 208)
   defining Unicode char U+00D1 (decimal 209)
   defining Unicode char U+00D2 (decimal 210)
   defining Unicode char U+00D3 (decimal 211)
   defining Unicode char U+00D4 (decimal 212)
   defining Unicode char U+00D5 (decimal 213)
   defining Unicode char U+00D6 (decimal 214)
   defining Unicode char U+00D8 (decimal 216)
   defining Unicode char U+00D9 (decimal 217)
   defining Unicode char U+00DA (decimal 218)
   defining Unicode char U+00DB (decimal 219)
   defining Unicode char U+00DC (decimal 220)
   defining Unicode char U+00DD (decimal 221)
   defining Unicode char U+00DE (decimal 222)
   defining Unicode char U+00DF (decimal 223)
   defining Unicode char U+00E0 (decimal 224)
   defining Unicode char U+00E1 (decimal 225)
   defining Unicode char U+00E2 (decimal 226)
   defining Unicode char U+00E3 (decimal 227)
   defining Unicode char U+00E4 (decimal 228)
   defining Unicode char U+00E5 (decimal 229)
   defining Unicode char U+00E6 (decimal 230)
   defining Unicode char U+00E7 (decimal 231)
   defining Unicode char U+00E8 (decimal 232)
   defining Unicode char U+00E9 (decimal 233)
   defining Unicode char U+00EA (decimal 234)
   defining Unicode char U+00EB (decimal 235)
   defining Unicode char U+00EC (decimal 236)
   defining Unicode char U+00ED (decimal 237)
   defining Unicode char U+00EE (decimal 238)
   defining Unicode char U+00EF (decimal 239)
   defining Unicode char U+00F0 (decimal 240)
   defining Unicode char U+00F1 (decimal 241)
   defining Unicode char U+00F2 (decimal 242)
   defining Unicode char U+00F3 (decimal 243)
   defining Unicode char U+00F4 (decimal 244)
   defining Unicode char U+00F5 (decimal 245)
   defining Unicode char U+00F6 (decimal 246)
   defining Unicode char U+00F8 (decimal 248)
   defining Unicode char U+00F9 (decimal 249)
   defining Unicode char U+00FA (decimal 250)
   defining Unicode char U+00FB (decimal 251)
   defining Unicode char U+00FC (decimal 252)
   defining Unicode char U+00FD (decimal 253)
   defining Unicode char U+00FE (decimal 254)
   defining Unicode char U+00FF (decimal 255)
   defining Unicode char U+0100 (decimal 256)
   defining Unicode char U+0101 (decimal 257)
   defining Unicode char U+0102 (decimal 258)
   defining Unicode char U+0103 (decimal 259)
   defining Unicode char U+0104 (decimal 260)
   defining Unicode char U+0105 (decimal 261)
   defining Unicode char U+0106 (decimal 262)
   defining Unicode char U+0107 (decimal 263)
   defining Unicode char U+0108 (decimal 264)
   defining Unicode char U+0109 (decimal 265)
   defining Unicode char U+010A (decimal 266)
   defining Unicode char U+010B (decimal 267)
   defining Unicode char U+010C (decimal 268)
   defining Unicode char U+010D (decimal 269)
   defining Unicode char U+010E (decimal 270)
   defining Unicode char U+010F (decimal 271)
   defining Unicode char U+0110 (decimal 272)
   defining Unicode char U+0111 (decimal 273)
   defining Unicode char U+0112 (decimal 274)
   defining Unicode char U+0113 (decimal 275)
   defining Unicode char U+0114 (decimal 276)
   defining Unicode char U+0115 (decimal 277)
   defining Unicode char U+0116 (decimal 278)
   defining Unicode char U+0117 (decimal 279)
   defining Unicode char U+0118 (decimal 280)
   defining Unicode char U+0119 (decimal 281)
   defining Unicode char U+011A (decimal 282)
   defining Unicode char U+011B (decimal 283)
   defining Unicode char U+011C (decimal 284)
   defining Unicode char U+011D (decimal 285)
   defining Unicode char U+011E (decimal 286)
   defining Unicode char U+011F (decimal 287)
   defining Unicode char U+0120 (decimal 288)
   defining Unicode char U+0121 (decimal 289)
   defining Unicode char U+0122 (decimal 290)
   defining Unicode char U+0123 (decimal 291)
   defining Unicode char U+0124 (decimal 292)
   defining Unicode char U+0125 (decimal 293)
   defining Unicode char U+0128 (decimal 296)
   defining Unicode char U+0129 (decimal 297)
   defining Unicode char U+012A (decimal 298)
   defining Unicode char U+012B (decimal 299)
   defining Unicode char U+012C (decimal 300)
   defining Unicode char U+012D (decimal 301)
   defining Unicode char U+012E (decimal 302)
   defining Unicode char U+012F (decimal 303)
   defining Unicode char U+0130 (decimal 304)
   defining Unicode char U+0131 (decimal 305)
   defining Unicode char U+0132 (decimal 306)
   defining Unicode char U+0133 (decimal 307)
   defining Unicode char U+0134 (decimal 308)
   defining Unicode char U+0135 (decimal 309)
   defining Unicode char U+0136 (decimal 310)
   defining Unicode char U+0137 (decimal 311)
   defining Unicode char U+0139 (decimal 313)
   defining Unicode char U+013A (decimal 314)
   defining Unicode char U+013B (decimal 315)
   defining Unicode char U+013C (decimal 316)
   defining Unicode char U+013D (decimal 317)
   defining Unicode char U+013E (decimal 318)
   defining Unicode char U+0141 (decimal 321)
   defining Unicode char U+0142 (decimal 322)
   defining Unicode char U+0143 (decimal 323)
   defining Unicode char U+0144 (decimal 324)
   defining Unicode char U+0145 (decimal 325)
   defining Unicode char U+0146 (decimal 326)
   defining Unicode char U+0147 (decimal 327)
   defining Unicode char U+0148 (decimal 328)
   defining Unicode char U+014A (decimal 330)
   defining Unicode char U+014B (decimal 331)
   defining Unicode char U+014C (decimal 332)
   defining Unicode char U+014D (decimal 333)
   defining Unicode char U+014E (decimal 334)
   defining Unicode char U+014F (decimal 335)
   defining Unicode char U+0150 (decimal 336)
   defining Unicode char U+0151 (decimal 337)
   defining Unicode char U+0152 (decimal 338)
   defining Unicode char U+0153 (decimal 339)
   defining Unicode char U+0154 (decimal 340)
   defining Unicode char U+0155 (decimal 341)
   defining Unicode char U+0156 (decimal 342)
   defining Unicode char U+0157 (decimal 343)
   defining Unicode char U+0158 (decimal 344)
   defining Unicode char U+0159 (decimal 345)
   defining Unicode char U+015A (decimal 346)
   defining Unicode char U+015B (decimal 347)
   defining Unicode char U+015C (decimal 348)
   defining Unicode char U+015D (decimal 349)
   defining Unicode char U+015E (decimal 350)
   defining Unicode char U+015F (decimal 351)
   defining Unicode char U+0160 (decimal 352)
   defining Unicode char U+0161 (decimal 353)
   defining Unicode char U+0162 (decimal 354)
   defining Unicode char U+0163 (decimal 355)
   defining Unicode char U+0164 (decimal 356)
   defining Unicode char U+0165 (decimal 357)
   defining Unicode char U+0168 (decimal 360)
   defining Unicode char U+0169 (decimal 361)
   defining Unicode char U+016A (decimal 362)
   defining Unicode char U+016B (decimal 363)
   defining Unicode char U+016C (decimal 364)
   defining Unicode char U+016D (decimal 365)
   defining Unicode char U+016E (decimal 366)
   defining Unicode char U+016F (decimal 367)
   defining Unicode char U+0170 (decimal 368)
   defining Unicode char U+0171 (decimal 369)
   defining Unicode char U+0172 (decimal 370)
   defining Unicode char U+0173 (decimal 371)
   defining Unicode char U+0174 (decimal 372)
   defining Unicode char U+0175 (decimal 373)
   defining Unicode char U+0176 (decimal 374)
   defining Unicode char U+0177 (decimal 375)
   defining Unicode char U+0178 (decimal 376)
   defining Unicode char U+0179 (decimal 377)
   defining Unicode char U+017A (decimal 378)
   defining Unicode char U+017B (decimal 379)
   defining Unicode char U+017C (decimal 380)
   defining Unicode char U+017D (decimal 381)
   defining Unicode char U+017E (decimal 382)
   defining Unicode char U+01CD (decimal 461)
   defining Unicode char U+01CE (decimal 462)
   defining Unicode char U+01CF (decimal 463)
   defining Unicode char U+01D0 (decimal 464)
   defining Unicode char U+01D1 (decimal 465)
   defining Unicode char U+01D2 (decimal 466)
   defining Unicode char U+01D3 (decimal 467)
   defining Unicode char U+01D4 (decimal 468)
   defining Unicode char U+01E2 (decimal 482)
   defining Unicode char U+01E3 (decimal 483)
   defining Unicode char U+01E6 (decimal 486)
   defining Unicode char U+01E7 (decimal 487)
   defining Unicode char U+01E8 (decimal 488)
   defining Unicode char U+01E9 (decimal 489)
   defining Unicode char U+01EA (decimal 490)
   defining Unicode char U+01EB (decimal 491)
   defining Unicode char U+01F0 (decimal 496)
   defining Unicode char U+01F4 (decimal 500)
   defining Unicode char U+01F5 (decimal 501)
   defining Unicode char U+0218 (decimal 536)
   defining Unicode char U+0219 (decimal 537)
   defining Unicode char U+021A (decimal 538)
   defining Unicode char U+021B (decimal 539)
   defining Unicode char U+01E02 (decimal 7682)
   defining Unicode char U+01E03 (decimal 7683)
   defining Unicode char U+200C (decimal 8204)
   defining Unicode char U+2013 (decimal 8211)
   defining Unicode char U+2014 (decimal 8212)
   defining Unicode char U+2018 (decimal 8216)
   defining Unicode char U+2019 (decimal 8217)
   defining Unicode char U+201A (decimal 8218)
   defining Unicode char U+201C (decimal 8220)
   defining Unicode char U+201D (decimal 8221)
   defining Unicode char U+201E (decimal 8222)
   defining Unicode char U+2030 (decimal 8240)
   defining Unicode char U+2031 (decimal 8241)
   defining Unicode char U+2039 (decimal 8249)
   defining Unicode char U+203A (decimal 8250)
   defining Unicode char U+2423 (decimal 9251)
)
Now handling font encoding OT1 ...
... processing UTF-8 mapping file for font encoding OT1

(/usr/share/texlive/texmf-dist/tex/latex/base/ot1enc.dfu
File: ot1enc.dfu 2015/12/03 v1.1r UTF-8 support for inputenc
   defining Unicode char U+00A0 (decimal 160)
   defining Unicode char U+00A1 (decimal 161)
   defining Unicode char U+00A3 (decimal 163)
   defining Unicode char U+00AD (decimal 173)
   defining Unicode char U+00B8 (decimal 184)
   defining Unicode char U+00BF (decimal 191)
   defining Unicode char U+00C5 (decimal 197)
   defining Unicode char U+00C6 (decimal 198)
   defining Unicode char U+00D8 (decimal 216)
   defining Unicode char U+00DF (decimal 223)
   defining Unicode char U+00E6 (decimal 230)
   defining Unicode char U+00EC (decimal 236)
   defining Unicode char U+00ED (decimal 237)
   defining Unicode char U+00EE (decimal 238)
   defining Unicode char U+00EF (decimal 239)
   defining Unicode char U+00F8 (decimal 248)
   defining Unicode char U+0131 (decimal 305)
   defining Unicode char U+0141 (decimal 321)
   defining Unicode char U+0142 (decimal 322)
   defining Unicode char U+0152 (decimal 338)
   defining Unicode char U+0153 (decimal 339)
   defining Unicode char U+0174 (decimal 372)
   defining Unicode char U+0175 (decimal 373)
   defining Unicode char U+0176 (decimal 374)
   defining Unicode char U+0177 (decimal 375)
   defining Unicode char U+0218 (decimal 536)
   defining Unicode char U+0219 (decimal 537)
   defining Unicode char U+021A (decimal 538)
   defining Unicode char U+021B (decimal 539)
   defining Unicode char U+2013 (decimal 8211)
   defining Unicode char U+2014 (decimal 8212)
   defining Unicode char U+2018 (decimal 8216)
   defining Unicode char U+2019 (decimal 8217)
   defining Unicode char U+201C (decimal 8220)
   defining Unicode char U+201D (decimal 8221)
)
Now handling font encoding OMS ...
... processing UTF-8 mapping file for font encoding OMS

(/usr/share/texlive/texmf-dist/tex/latex/base/omsenc.dfu
File: omsenc.dfu 2015/12/03 v1.1r UTF-8 support for inputenc
   defining Unicode char U+00A7 (decimal 167)
   defining Unicode char U+00B6 (decimal 182)
   defining Unicode char U+00B7 (decimal 183)
   defining Unicode char U+2020 (decimal 8224)
   defining Unicode char U+2021 (decimal 8225)
   defining Unicode char U+2022 (decimal 8226)
)
Now handling font encoding OMX ...
... no UTF-8 mapping file for font encoding OMX
Now handling font encoding U ...
... no UTF-8 mapping file for font encoding U
Now handling font encoding PD1 ...
... no UTF-8 mapping file for font encoding PD1
   defining Unicode char U+00A9 (decimal 169)
   defining Unicode char U+00AA (decimal 170)
   defining Unicode char U+00AE (decimal 174)
   defining Unicode char U+00BA (decimal 186)
   defining Unicode char U+02C6 (decimal 710)
   defining Unicode char U+02DC (decimal 732)
   defining Unicode char U+200C (decimal 8204)
   defining Unicode char U+2026 (decimal 8230)
   defining Unicode char U+2122 (decimal 8482)
   defining Unicode char U+2423 (decimal 9251)
))
(/usr/share/texlive/texmf-dist/tex/latex/lastpage/lastpage.sty
Package: lastpage 2015/03/29 v1.2m Refers to last page's name (HMM; JPG)
)
(/usr/share/texlive/texmf-dist/tex/latex/tools/indentfirst.sty
Package: indentfirst 1995/11/23 v1.03 Indent first paragraph (DPC)
)
(/usr/share/texlive/texmf-dist/tex/latex/graphics/graphicx.sty
Package: graphicx 2014/10/28 v1.0g Enhanced LaTeX Graphics (DPC,SPQR)

(/usr/share/texlive/texmf-dist/tex/latex/graphics/graphics.sty
Package: graphics 2016/01/03 v1.0q Standard LaTeX Graphics (DPC,SPQR)

(/usr/share/texlive/texmf-dist/tex/latex/graphics/trig.sty
Package: trig 2016/01/03 v1.10 sin cos tan (DPC)
)
(/usr/share/texlive/texmf-dist/tex/latex/latexconfig/graphics.cfg
File: graphics.cfg 2010/04/23 v1.9 graphics configuration of TeX Live
)
Package graphics Info: Driver file: pdftex.def on input line 95.

(/usr/share/texlive/texmf-dist/tex/latex/pdftex-def/pdftex.def
File: pdftex.def 2011/05/27 v0.06d Graphics/color for pdfTeX
\Gread@gobject=\count163
))
\Gin@req@height=\dimen155
\Gin@req@width=\dimen156
)
(/usr/share/texlive/texmf-dist/tex/latex/microtype/microtype.sty
Package: microtype 2013/05/23 v2.5a Micro-typographical refinements (RS)
\MT@toks=\toks26
\MT@count=\count164
LaTeX Info: Redefining \textls on input line 766.
\MT@outer@kern=\dimen157
LaTeX Info: Redefining \textmicrotypecontext on input line 1285.
\MT@listname@count=\count165

(/usr/share/texlive/texmf-dist/tex/latex/microtype/microtype-pdftex.def
File: microtype-pdftex.def 2013/05/23 v2.5a Definitions specific to pdftex (RS)

LaTeX Info: Redefining \lsstyle on input line 915.
LaTeX Info: Redefining \lslig on input line 915.
\MT@outer@space=\skip257
)
Package microtype Info: Loading configuration file microtype.cfg.

(/usr/share/texlive/texmf-dist/tex/latex/microtype/microtype.cfg
File: microtype.cfg 2013/05/23 v2.5a microtype main configuration file (RS)
))
(/usr/share/texlive/texmf-dist/tex/latex/graphics/color.sty
Package: color 2016/01/03 v1.1b Standard LaTeX Color (DPC)

(/usr/share/texlive/texmf-dist/tex/latex/latexconfig/color.cfg
File: color.cfg 2007/01/18 v1.5 color configuration of teTeX/TeXLive
)
Package color Info: Driver file: pdftex.def on input line 143.
)
(./abntcite.sty (./cvs-id.def)
Package: abntcite 2005/11/14 v1.29 Chamadas de referencias no texto (NBR10520, 
NBR10522)
 (./abntex-abrev.sty (./cvs-id.def)
Package: abntex-abrev 2005/11/14 v1.4 Abreviacoes

(./nbr10522-1988.def (./cvs-id.def)
File: nbr10522-1988.def 2003/10/13 v1.2 Abreviacoes bibliograficas (NBR10522:19
88)
) (./abntex-abrev-pt_BR.def (./cvs-id.def)
File: abntex-abrev-pt_BR.def 2005/11/14 v1.3 definicao de abntex-abrev, traduca
o de termos en_US/pt_BR
)) (./abntex-text.sty (./cvs-id.def)
Package: abntex-text 2005/11/14 v1.1 abnTeX text replacements
 (./abntex-text-pt_BR.def (./cvs-id.def)
File: abntex-text-pt_BR.def 2005/12/21 v1.2 Definicao de nomes em Portugues/Bra
sil (pt_BR)
))
(./abntex-default-design.sty (./cvs-id.def)
Package: abntex-default-design 2005/06/22 v1.2 Definicoes de design padrao do a
bntex

(/usr/share/texlive/texmf-dist/tex/latex/relsize/relsize.sty
Package: relsize 2013/03/29 ver 4.1
)
\ABNTanapindent=\skip258
\ABNTsignwidth=\skip259
\ABNTsignthickness=\skip260
\ABNTsignskip=\skip261
)
\minimumbiblabelwidth=\skip262
\ABCIauxlen=\skip263
\c@ABCIaux=\count166
\c@ABCImax=\count167

(./nbr10520-2002.def (./cvs-id.def)
File: nbr10520-2002.def 2005/06/22 v1.3 Definicoes para abntcite (NBR10520:2002
)
)
\biblabelsep=\skip264
LaTeX Info: Redefining \newblock on input line 466.
LaTeX Info: Redefining \cite on input line 493.
\ABCItoken=\toks27
)
(/usr/share/texlive/texmf-dist/tex/latex/multirow/multirow.sty
\bigstrutjot=\dimen158
)
(/usr/share/texlive/texmf-dist/tex/latex/pbox/pbox.sty
Package: pbox 2011/12/07 v1.2 Dynamic parboxes
\pb@xlen=\skip265
)
(/usr/share/texlive/texmf-dist/tex/latex/etex-pkg/etex.sty
Package: etex 2016/01/11 v2.6 eTeX basic definition package (PEB,DPC)


Package etex Warning: Extended allocation already in use.
(etex)                etex.sty code will not be used.
(etex)                To force etex package to load, add
(etex)                \RequirePackage{etex}
(etex)                at the start of the document.

) (/usr/share/texlive/texmf-dist/tex/latex/psnfss/mathptmx.sty
Package: mathptmx 2005/04/12 PSNFSS-v9.2a Times w/ Math, improved (SPQR, WaS) 
LaTeX Font Info:    Redeclaring symbol font `operators' on input line 28.
LaTeX Font Info:    Overwriting symbol font `operators' in version `normal'
(Font)                  OT1/lmr/m/n --> OT1/ztmcm/m/n on input line 28.
LaTeX Font Info:    Overwriting symbol font `operators' in version `bold'
(Font)                  OT1/lmr/bx/n --> OT1/ztmcm/m/n on input line 28.
LaTeX Font Info:    Redeclaring symbol font `letters' on input line 29.
LaTeX Font Info:    Overwriting symbol font `letters' in version `normal'
(Font)                  OML/lmm/m/it --> OML/ztmcm/m/it on input line 29.
LaTeX Font Info:    Overwriting symbol font `letters' in version `bold'
(Font)                  OML/lmm/b/it --> OML/ztmcm/m/it on input line 29.
LaTeX Font Info:    Redeclaring symbol font `symbols' on input line 30.
LaTeX Font Info:    Overwriting symbol font `symbols' in version `normal'
(Font)                  OMS/lmsy/m/n --> OMS/ztmcm/m/n on input line 30.
LaTeX Font Info:    Overwriting symbol font `symbols' in version `bold'
(Font)                  OMS/lmsy/b/n --> OMS/ztmcm/m/n on input line 30.
LaTeX Font Info:    Redeclaring symbol font `largesymbols' on input line 31.
LaTeX Font Info:    Overwriting symbol font `largesymbols' in version `normal'
(Font)                  OMX/lmex/m/n --> OMX/ztmcm/m/n on input line 31.
LaTeX Font Info:    Overwriting symbol font `largesymbols' in version `bold'
(Font)                  OMX/lmex/m/n --> OMX/ztmcm/m/n on input line 31.
\symbold=\mathgroup4
\symitalic=\mathgroup5
LaTeX Font Info:    Redeclaring math alphabet \mathbf on input line 34.
LaTeX Font Info:    Overwriting math alphabet `\mathbf' in version `normal'
(Font)                  OT1/lmr/bx/n --> OT1/ptm/bx/n on input line 34.
LaTeX Font Info:    Overwriting math alphabet `\mathbf' in version `bold'
(Font)                  OT1/lmr/bx/n --> OT1/ptm/bx/n on input line 34.
LaTeX Font Info:    Redeclaring math alphabet \mathit on input line 35.
LaTeX Font Info:    Overwriting math alphabet `\mathit' in version `normal'
(Font)                  OT1/lmr/m/it --> OT1/ptm/m/it on input line 35.
LaTeX Font Info:    Overwriting math alphabet `\mathit' in version `bold'
(Font)                  OT1/lmr/bx/it --> OT1/ptm/m/it on input line 35.
LaTeX Info: Redefining \hbar on input line 50.
)
(/usr/share/texlive/texmf-dist/tex/latex/psnfss/times.sty
Package: times 2005/04/12 PSNFSS-v9.2a (SPQR) 
)
(/usr/share/texlive/texmf-dist/tex/latex/pdfpages/pdfpages.sty
Package: pdfpages 2015/09/18 v0.5d Insert pages of external PDF documents (AM)

(/usr/share/texlive/texmf-dist/tex/latex/eso-pic/eso-pic.sty
Package: eso-pic 2015/07/21 v2.0g eso-pic (RN)
)
\AM@pagewidth=\dimen159
\AM@pageheight=\dimen160

(/usr/share/texlive/texmf-dist/tex/latex/pdfpages/pppdftex.def
File: pppdftex.def 2015/09/18 v0.5d Pdfpages driver for pdfTeX (AM)
)
\AM@pagebox=\box30
\AM@toc@title=\toks28
\c@AM@survey=\count168
\AM@templatesizebox=\box31
)
(/usr/share/texlive/texmf-dist/tex/latex/subfigure/subfigure.sty
Package: subfigure 2002/03/15 v2.1.5 subfigure package
\subfigtopskip=\skip266
\subfigcapskip=\skip267
\subfigcaptopadj=\dimen161
\subfigbottomskip=\skip268
\subfigcapmargin=\dimen162
\subfiglabelskip=\skip269
\c@subfigure=\count169
\c@lofdepth=\count170
\c@subtable=\count171
\c@lotdepth=\count172

****************************************
* Local config file subfigure.cfg used *
****************************************
(/usr/share/texlive/texmf-dist/tex/latex/subfigure/subfigure.cfg)
\subfig@top=\skip270
\subfig@bottom=\skip271
)
(/usr/share/texlive/texmf-dist/tex/latex/todonotes/todonotes.sty
Package: todonotes 2015/07/09 .dtx Todonotes source and documentation.
Package: todonotes 2012/07/25

(/usr/share/texlive/texmf-dist/tex/latex/xkeyval/xkeyval.sty
Package: xkeyval 2014/12/03 v2.7a package option processing (HA)

(/usr/share/texlive/texmf-dist/tex/generic/xkeyval/xkeyval.tex
(/usr/share/texlive/texmf-dist/tex/generic/xkeyval/xkvutils.tex
\XKV@toks=\toks29
\XKV@tempa@toks=\toks30
)
\XKV@depth=\count173
File: xkeyval.tex 2014/12/03 v2.7a key=value parser (HA)
))
(/usr/share/texlive/texmf-dist/tex/latex/xcolor/xcolor.sty
Package: xcolor 2007/01/21 v2.11 LaTeX color extensions (UK)

(/usr/share/texlive/texmf-dist/tex/latex/latexconfig/color.cfg
File: color.cfg 2007/01/18 v1.5 color configuration of teTeX/TeXLive
)
Package xcolor Info: Driver file: pdftex.def on input line 225.
LaTeX Info: Redefining \color on input line 702.
Package xcolor Info: Model `cmy' substituted by `cmy0' on input line 1337.
Package xcolor Info: Model `hsb' substituted by `rgb' on input line 1341.
Package xcolor Info: Model `RGB' extended on input line 1353.
Package xcolor Info: Model `HTML' substituted by `rgb' on input line 1355.
Package xcolor Info: Model `Hsb' substituted by `hsb' on input line 1356.
Package xcolor Info: Model `tHsb' substituted by `hsb' on input line 1357.
Package xcolor Info: Model `HSB' substituted by `hsb' on input line 1358.
Package xcolor Info: Model `Gray' substituted by `gray' on input line 1359.
Package xcolor Info: Model `wave' substituted by `hsb' on input line 1360.
)
(/usr/share/texlive/texmf-dist/tex/latex/pgf/frontendlayer/tikz.sty
(/usr/share/texlive/texmf-dist/tex/latex/pgf/basiclayer/pgf.sty
(/usr/share/texlive/texmf-dist/tex/latex/pgf/utilities/pgfrcs.sty
(/usr/share/texlive/texmf-dist/tex/generic/pgf/utilities/pgfutil-common.tex
\pgfutil@everybye=\toks31
\pgfutil@tempdima=\dimen163
\pgfutil@tempdimb=\dimen164

(/usr/share/texlive/texmf-dist/tex/generic/pgf/utilities/pgfutil-common-lists.t
ex)) (/usr/share/texlive/texmf-dist/tex/generic/pgf/utilities/pgfutil-latex.def
\pgfutil@abb=\box32
(/usr/share/texlive/texmf-dist/tex/latex/ms/everyshi.sty
Package: everyshi 2001/05/15 v3.00 EveryShipout Package (MS)
))
(/usr/share/texlive/texmf-dist/tex/generic/pgf/utilities/pgfrcs.code.tex
Package: pgfrcs 2015/08/07 v3.0.1a (rcs-revision 1.31)
))
Package: pgf 2015/08/07 v3.0.1a (rcs-revision 1.15)

(/usr/share/texlive/texmf-dist/tex/latex/pgf/basiclayer/pgfcore.sty
(/usr/share/texlive/texmf-dist/tex/latex/pgf/systemlayer/pgfsys.sty
(/usr/share/texlive/texmf-dist/tex/generic/pgf/systemlayer/pgfsys.code.tex
Package: pgfsys 2014/07/09 v3.0.1a (rcs-revision 1.48)

(/usr/share/texlive/texmf-dist/tex/generic/pgf/utilities/pgfkeys.code.tex
\pgfkeys@pathtoks=\toks32
\pgfkeys@temptoks=\toks33

(/usr/share/texlive/texmf-dist/tex/generic/pgf/utilities/pgfkeysfiltered.code.t
ex
\pgfkeys@tmptoks=\toks34
))
\pgf@x=\dimen165
\pgf@y=\dimen166
\pgf@xa=\dimen167
\pgf@ya=\dimen168
\pgf@xb=\dimen169
\pgf@yb=\dimen170
\pgf@xc=\dimen171
\pgf@yc=\dimen172
\w@pgf@writea=\write4
\r@pgf@reada=\read2
\c@pgf@counta=\count174
\c@pgf@countb=\count175
\c@pgf@countc=\count176
\c@pgf@countd=\count177
\t@pgf@toka=\toks35
\t@pgf@tokb=\toks36
\t@pgf@tokc=\toks37
 (/usr/share/texlive/texmf-dist/tex/generic/pgf/systemlayer/pgf.cfg
File: pgf.cfg 2008/05/14  (rcs-revision 1.7)
)
Driver file for pgf: pgfsys-pdftex.def

(/usr/share/texlive/texmf-dist/tex/generic/pgf/systemlayer/pgfsys-pdftex.def
File: pgfsys-pdftex.def 2014/10/11  (rcs-revision 1.35)

(/usr/share/texlive/texmf-dist/tex/generic/pgf/systemlayer/pgfsys-common-pdf.de
f
File: pgfsys-common-pdf.def 2013/10/10  (rcs-revision 1.13)
)))
(/usr/share/texlive/texmf-dist/tex/generic/pgf/systemlayer/pgfsyssoftpath.code.
tex
File: pgfsyssoftpath.code.tex 2013/09/09  (rcs-revision 1.9)
\pgfsyssoftpath@smallbuffer@items=\count178
\pgfsyssoftpath@bigbuffer@items=\count179
)
(/usr/share/texlive/texmf-dist/tex/generic/pgf/systemlayer/pgfsysprotocol.code.
tex
File: pgfsysprotocol.code.tex 2006/10/16  (rcs-revision 1.4)
))
(/usr/share/texlive/texmf-dist/tex/generic/pgf/basiclayer/pgfcore.code.tex
Package: pgfcore 2010/04/11 v3.0.1a (rcs-revision 1.7)

(/usr/share/texlive/texmf-dist/tex/generic/pgf/math/pgfmath.code.tex
(/usr/share/texlive/texmf-dist/tex/generic/pgf/math/pgfmathcalc.code.tex
(/usr/share/texlive/texmf-dist/tex/generic/pgf/math/pgfmathutil.code.tex)
(/usr/share/texlive/texmf-dist/tex/generic/pgf/math/pgfmathparser.code.tex
\pgfmath@dimen=\dimen173
\pgfmath@count=\count180
\pgfmath@box=\box33
\pgfmath@toks=\toks38
\pgfmath@stack@operand=\toks39
\pgfmath@stack@operation=\toks40
)
(/usr/share/texlive/texmf-dist/tex/generic/pgf/math/pgfmathfunctions.code.tex
(/usr/share/texlive/texmf-dist/tex/generic/pgf/math/pgfmathfunctions.basic.code
.tex)
(/usr/share/texlive/texmf-dist/tex/generic/pgf/math/pgfmathfunctions.trigonomet
ric.code.tex)
(/usr/share/texlive/texmf-dist/tex/generic/pgf/math/pgfmathfunctions.random.cod
e.tex)
(/usr/share/texlive/texmf-dist/tex/generic/pgf/math/pgfmathfunctions.comparison
.code.tex)
(/usr/share/texlive/texmf-dist/tex/generic/pgf/math/pgfmathfunctions.base.code.
tex)
(/usr/share/texlive/texmf-dist/tex/generic/pgf/math/pgfmathfunctions.round.code
.tex)
(/usr/share/texlive/texmf-dist/tex/generic/pgf/math/pgfmathfunctions.misc.code.
tex)
(/usr/share/texlive/texmf-dist/tex/generic/pgf/math/pgfmathfunctions.integerari
thmetics.code.tex)))
(/usr/share/texlive/texmf-dist/tex/generic/pgf/math/pgfmathfloat.code.tex
\c@pgfmathroundto@lastzeros=\count181
))
(/usr/share/texlive/texmf-dist/tex/generic/pgf/basiclayer/pgfcorepoints.code.te
x
File: pgfcorepoints.code.tex 2013/10/07  (rcs-revision 1.27)
\pgf@picminx=\dimen174
\pgf@picmaxx=\dimen175
\pgf@picminy=\dimen176
\pgf@picmaxy=\dimen177
\pgf@pathminx=\dimen178
\pgf@pathmaxx=\dimen179
\pgf@pathminy=\dimen180
\pgf@pathmaxy=\dimen181
\pgf@xx=\dimen182
\pgf@xy=\dimen183
\pgf@yx=\dimen184
\pgf@yy=\dimen185
\pgf@zx=\dimen186
\pgf@zy=\dimen187
)
(/usr/share/texlive/texmf-dist/tex/generic/pgf/basiclayer/pgfcorepathconstruct.
code.tex
File: pgfcorepathconstruct.code.tex 2013/10/07  (rcs-revision 1.29)
\pgf@path@lastx=\dimen188
\pgf@path@lasty=\dimen189
)
(/usr/share/texlive/texmf-dist/tex/generic/pgf/basiclayer/pgfcorepathusage.code
.tex
File: pgfcorepathusage.code.tex 2014/11/02  (rcs-revision 1.24)
\pgf@shorten@end@additional=\dimen190
\pgf@shorten@start@additional=\dimen191
)
(/usr/share/texlive/texmf-dist/tex/generic/pgf/basiclayer/pgfcorescopes.code.te
x
File: pgfcorescopes.code.tex 2015/05/08  (rcs-revision 1.46)
\pgfpic=\box34
\pgf@hbox=\box35
\pgf@layerbox@main=\box36
\pgf@picture@serial@count=\count182
)
(/usr/share/texlive/texmf-dist/tex/generic/pgf/basiclayer/pgfcoregraphicstate.c
ode.tex
File: pgfcoregraphicstate.code.tex 2014/11/02  (rcs-revision 1.12)
\pgflinewidth=\dimen192
)
(/usr/share/texlive/texmf-dist/tex/generic/pgf/basiclayer/pgfcoretransformation
s.code.tex
File: pgfcoretransformations.code.tex 2015/08/07  (rcs-revision 1.20)
\pgf@pt@x=\dimen193
\pgf@pt@y=\dimen194
\pgf@pt@temp=\dimen256
)
(/usr/share/texlive/texmf-dist/tex/generic/pgf/basiclayer/pgfcorequick.code.tex
File: pgfcorequick.code.tex 2008/10/09  (rcs-revision 1.3)
)
(/usr/share/texlive/texmf-dist/tex/generic/pgf/basiclayer/pgfcoreobjects.code.t
ex
File: pgfcoreobjects.code.tex 2006/10/11  (rcs-revision 1.2)
)
(/usr/share/texlive/texmf-dist/tex/generic/pgf/basiclayer/pgfcorepathprocessing
.code.tex
File: pgfcorepathprocessing.code.tex 2013/09/09  (rcs-revision 1.9)
)
(/usr/share/texlive/texmf-dist/tex/generic/pgf/basiclayer/pgfcorearrows.code.te
x
File: pgfcorearrows.code.tex 2015/05/14  (rcs-revision 1.43)
\pgfarrowsep=\dimen257
)
(/usr/share/texlive/texmf-dist/tex/generic/pgf/basiclayer/pgfcoreshade.code.tex
File: pgfcoreshade.code.tex 2013/07/15  (rcs-revision 1.15)
\pgf@max=\dimen258
\pgf@sys@shading@range@num=\count183
)
(/usr/share/texlive/texmf-dist/tex/generic/pgf/basiclayer/pgfcoreimage.code.tex
File: pgfcoreimage.code.tex 2013/07/15  (rcs-revision 1.18)

(/usr/share/texlive/texmf-dist/tex/generic/pgf/basiclayer/pgfcoreexternal.code.
tex
File: pgfcoreexternal.code.tex 2014/07/09  (rcs-revision 1.21)
\pgfexternal@startupbox=\box37
))
(/usr/share/texlive/texmf-dist/tex/generic/pgf/basiclayer/pgfcorelayers.code.te
x
File: pgfcorelayers.code.tex 2013/07/18  (rcs-revision 1.7)
)
(/usr/share/texlive/texmf-dist/tex/generic/pgf/basiclayer/pgfcoretransparency.c
ode.tex
File: pgfcoretransparency.code.tex 2013/09/30  (rcs-revision 1.5)
)
(/usr/share/texlive/texmf-dist/tex/generic/pgf/basiclayer/pgfcorepatterns.code.
tex
File: pgfcorepatterns.code.tex 2013/11/07  (rcs-revision 1.5)
)))
(/usr/share/texlive/texmf-dist/tex/generic/pgf/modules/pgfmoduleshapes.code.tex
File: pgfmoduleshapes.code.tex 2014/03/21  (rcs-revision 1.35)
\pgfnodeparttextbox=\box38
) (/usr/share/texlive/texmf-dist/tex/generic/pgf/modules/pgfmoduleplot.code.tex
File: pgfmoduleplot.code.tex 2015/08/03  (rcs-revision 1.13)
)
(/usr/share/texlive/texmf-dist/tex/latex/pgf/compatibility/pgfcomp-version-0-65
.sty
Package: pgfcomp-version-0-65 2007/07/03 v3.0.1a (rcs-revision 1.7)
\pgf@nodesepstart=\dimen259
\pgf@nodesepend=\dimen260
)
(/usr/share/texlive/texmf-dist/tex/latex/pgf/compatibility/pgfcomp-version-1-18
.sty
Package: pgfcomp-version-1-18 2007/07/23 v3.0.1a (rcs-revision 1.1)
)) (/usr/share/texlive/texmf-dist/tex/latex/pgf/utilities/pgffor.sty
(/usr/share/texlive/texmf-dist/tex/latex/pgf/utilities/pgfkeys.sty
(/usr/share/texlive/texmf-dist/tex/generic/pgf/utilities/pgfkeys.code.tex))
(/usr/share/texlive/texmf-dist/tex/latex/pgf/math/pgfmath.sty
(/usr/share/texlive/texmf-dist/tex/generic/pgf/math/pgfmath.code.tex))
(/usr/share/texlive/texmf-dist/tex/generic/pgf/utilities/pgffor.code.tex
Package: pgffor 2013/12/13 v3.0.1a (rcs-revision 1.25)

(/usr/share/texlive/texmf-dist/tex/generic/pgf/math/pgfmath.code.tex)
\pgffor@iter=\dimen261
\pgffor@skip=\dimen262
\pgffor@stack=\toks41
\pgffor@toks=\toks42
))
(/usr/share/texlive/texmf-dist/tex/generic/pgf/frontendlayer/tikz/tikz.code.tex
Package: tikz 2015/08/07 v3.0.1a (rcs-revision 1.151)

(/usr/share/texlive/texmf-dist/tex/generic/pgf/libraries/pgflibraryplothandlers
.code.tex
File: pgflibraryplothandlers.code.tex 2013/08/31 v3.0.1a (rcs-revision 1.20)
\pgf@plot@mark@count=\count184
\pgfplotmarksize=\dimen263
)
\tikz@lastx=\dimen264
\tikz@lasty=\dimen265
\tikz@lastxsaved=\dimen266
\tikz@lastysaved=\dimen267
\tikzleveldistance=\dimen268
\tikzsiblingdistance=\dimen269
\tikz@figbox=\box39
\tikz@figbox@bg=\box40
\tikz@tempbox=\box41
\tikz@tempbox@bg=\box42
\tikztreelevel=\count185
\tikznumberofchildren=\count186
\tikznumberofcurrentchild=\count187
\tikz@fig@count=\count188

(/usr/share/texlive/texmf-dist/tex/generic/pgf/modules/pgfmodulematrix.code.tex
File: pgfmodulematrix.code.tex 2013/09/17  (rcs-revision 1.8)
\pgfmatrixcurrentrow=\count189
\pgfmatrixcurrentcolumn=\count190
\pgf@matrix@numberofcolumns=\count191
)
\tikz@expandcount=\count192

(/usr/share/texlive/texmf-dist/tex/generic/pgf/frontendlayer/tikz/libraries/tik
zlibrarytopaths.code.tex
File: tikzlibrarytopaths.code.tex 2008/06/17 v3.0.1a (rcs-revision 1.2)
)))
(/usr/share/texlive/texmf-dist/tex/generic/pgf/frontendlayer/tikz/libraries/tik
zlibrarypositioning.code.tex
File: tikzlibrarypositioning.code.tex 2008/10/06 v3.0.1a (rcs-revision 1.7)
)
\c@@todonotes@numberoftodonotes=\count193
)
(/usr/share/texlive/texmf-dist/tex/latex/koma-script/scrpage2.sty
Package: scrpage2 2015/10/03 v3.19a KOMA-Script package (page head and foot)


Package scrpage2 Warning: use of scrpage2 with unknown class.
(scrpage2)                Please mail to markus.kohm@gmx.de, if headmarks
(scrpage2)                are lower case without use of scrpage2.

)

LaTeX Warning: Unused global option(s):
    [brazilabntfigtabnum].

(./main.aux (./folhadeaprovacao.aux) (./resumo.aux) (./abstract.aux)
(./introducao.aux) (./cap2.aux) (./cap3.aux) (./cap4.aux) (./cap5.aux)
(./cap6.aux) (./cap7.aux) (./apendice.aux))
\openout1 = `main.aux'.

LaTeX Font Info:    Checking defaults for OML/cmm/m/it on input line 89.
LaTeX Font Info:    ... okay on input line 89.
LaTeX Font Info:    Checking defaults for T1/cmr/m/n on input line 89.
LaTeX Font Info:    ... okay on input line 89.
LaTeX Font Info:    Checking defaults for OT1/cmr/m/n on input line 89.
LaTeX Font Info:    ... okay on input line 89.
LaTeX Font Info:    Checking defaults for OMS/cmsy/m/n on input line 89.
LaTeX Font Info:    ... okay on input line 89.
LaTeX Font Info:    Checking defaults for OMX/cmex/m/n on input line 89.
LaTeX Font Info:    ... okay on input line 89.
LaTeX Font Info:    Checking defaults for U/cmr/m/n on input line 89.
LaTeX Font Info:    ... okay on input line 89.
LaTeX Font Info:    Checking defaults for PD1/pdf/m/n on input line 89.
LaTeX Font Info:    ... okay on input line 89.
LaTeX Font Info:    Try loading font information for T1+ptm on input line 89.

(/usr/share/texlive/texmf-dist/tex/latex/psnfss/t1ptm.fd
File: t1ptm.fd 2001/06/04 font definitions for T1/ptm.
)
\AtBeginShipoutBox=\box43
Package hyperref Info: Link coloring OFF on input line 89.

(/usr/share/texlive/texmf-dist/tex/latex/hyperref/nameref.sty
Package: nameref 2012/10/27 v2.43 Cross-referencing by name of section

(/usr/share/texlive/texmf-dist/tex/generic/oberdiek/gettitlestring.sty
Package: gettitlestring 2010/12/03 v1.4 Cleanup title references (HO)
)
\c@section@level=\count194
)
Redoing nameref's sectioning
Redoing nameref's label
LaTeX Info: Redefining \nameref on input line 89.
LaTeX Info: Redefining \ref on input line 89.
LaTeX Info: Redefining \pageref on input line 89.
LaTeX Info: Redefining \nameref on input line 89.
Package lastpage Info: Please have a look at the pageslts package at
(lastpage)             https://www.ctan.org/pkg/pageslts
(lastpage)             ! on input line 89.
(/usr/share/texlive/texmf-dist/tex/context/base/supp-pdf.mkii
[Loading MPS to PDF converter (version 2006.09.02).]
\scratchcounter=\count266
\scratchdimen=\dimen270
\scratchbox=\box44
\nofMPsegments=\count267
\nofMParguments=\count268
\everyMPshowfont=\toks43
\MPscratchCnt=\count269
\MPscratchDim=\dimen271
\MPnumerator=\count270
\makeMPintoPDFobject=\count271
\everyMPtoPDFconversion=\toks44
) (/usr/share/texlive/texmf-dist/tex/latex/oberdiek/epstopdf-base.sty
Package: epstopdf-base 2010/02/09 v2.5 Base part for package epstopdf

(/usr/share/texlive/texmf-dist/tex/latex/oberdiek/grfext.sty
Package: grfext 2010/08/19 v1.1 Manage graphics extensions (HO)
)
Package grfext Info: Graphics extension search list:
(grfext)             [.png,.pdf,.jpg,.mps,.jpeg,.jbig2,.jb2,.PNG,.PDF,.JPG,.JPE
G,.JBIG2,.JB2,.eps]
(grfext)             \AppendGraphicsExtensions on input line 452.

(/usr/share/texlive/texmf-dist/tex/latex/latexconfig/epstopdf-sys.cfg
File: epstopdf-sys.cfg 2010/07/13 v1.3 Configuration of (r)epstopdf for TeX Liv
e
))
LaTeX Info: Redefining \microtypecontext on input line 89.
Package microtype Info: Generating PDF output.
Package microtype Info: Character protrusion enabled (level 2).
Package microtype Info: Using default protrusion set `alltext'.
Package microtype Info: Automatic font expansion enabled (level 2),
(microtype)             stretch: 20, shrink: 20, step: 1, non-selected.
Package microtype Info: Using default expansion set `basictext'.
Package microtype Info: No adjustment of tracking.
Package microtype Info: No adjustment of interword spacing.
Package microtype Info: No adjustment of character kerning.

(/usr/share/texlive/texmf-dist/tex/latex/microtype/mt-ptm.cfg
File: mt-ptm.cfg 2006/04/20 v1.7 microtype config. file: Times (RS)
)
\big@size=\dimen272

(/usr/share/texlive/texmf-dist/tex/latex/oberdiek/pdflscape.sty
Package: pdflscape 2008/08/11 v0.10 Display of landscape pages in PDF (HO)

(/usr/share/texlive/texmf-dist/tex/latex/graphics/lscape.sty
Package: lscape 2000/10/22 v3.01 Landscape Pages (DPC)
)
Package pdflscape Info: Auto-detected driver: pdftex on input line 80.
)
ABD: EveryShipout initializing macros

Package scrpage2 Warning: seems you are using a very small headheight.
(scrpage2)                If you get overfull \vbox warnings at almost every
(scrpage2)                page, you should increase headheight e.g. writing
(scrpage2)                 \setlength{\headheight}{1.1\baselineskip}
(scrpage2)                into the preamble of your document.
(scrpage2)                A better solution would be to use typearea package.

LaTeX Font Info:    Font shape `T1/ptm/bx/n' in size <12> not available
(Font)              Font shape `T1/ptm/b/n' tried instead on input line 97.
[1

{/var/lib/texmf/fonts/map/pdftex/updmap/pdftex.map}]
LaTeX Font Info:    Try loading font information for OT1+ztmcm on input line 10
3.

(/usr/share/texlive/texmf-dist/tex/latex/psnfss/ot1ztmcm.fd
File: ot1ztmcm.fd 2000/01/03 Fontinst v1.801 font definitions for OT1/ztmcm.
)
Package microtype Info: Loading generic settings for font family
(microtype)             `ztmcm' (encoding: OT1).
(microtype)             For optimal results, create family-specific settings.
(microtype)             See the microtype manual for details.
LaTeX Font Info:    Try loading font information for OML+ztmcm on input line 10
3.

(/usr/share/texlive/texmf-dist/tex/latex/psnfss/omlztmcm.fd
File: omlztmcm.fd 2000/01/03 Fontinst v1.801 font definitions for OML/ztmcm.
)
LaTeX Font Info:    Try loading font information for OMS+ztmcm on input line 10
3.

(/usr/share/texlive/texmf-dist/tex/latex/psnfss/omsztmcm.fd
File: omsztmcm.fd 2000/01/03 Fontinst v1.801 font definitions for OMS/ztmcm.
)
LaTeX Font Info:    Try loading font information for OMX+ztmcm on input line 10
3.

(/usr/share/texlive/texmf-dist/tex/latex/psnfss/omxztmcm.fd
File: omxztmcm.fd 2000/01/03 Fontinst v1.801 font definitions for OMX/ztmcm.
)
LaTeX Font Info:    Try loading font information for OT1+ptm on input line 103.


(/usr/share/texlive/texmf-dist/tex/latex/psnfss/ot1ptm.fd
File: ot1ptm.fd 2001/06/04 font definitions for OT1/ptm.
)
LaTeX Font Info:    Font shape `OT1/ptm/bx/n' in size <12> not available
(Font)              Font shape `OT1/ptm/b/n' tried instead on input line 103.
LaTeX Font Info:    Font shape `OT1/ptm/bx/n' in size <9> not available
(Font)              Font shape `OT1/ptm/b/n' tried instead on input line 103.
LaTeX Font Info:    Font shape `OT1/ptm/bx/n' in size <7> not available
(Font)              Font shape `OT1/ptm/b/n' tried instead on input line 103.

Overfull \hbox (2.28003pt too wide) in paragraph at lines 103--103
  $[]$
 []

[1



] <ficha_catalog.pdf, id=20, 597.55246pt x 845.07718pt>
File: ficha_catalog.pdf Graphic file (type pdf)

<use ficha_catalog.pdf>
Package pdftex.def Info: ficha_catalog.pdf used on input line 106.
(pdftex.def)             Requested size: 597.551pt x 845.07512pt.
File: ficha_catalog.pdf Graphic file (type pdf)
 <use ficha_catalog.pdf>
Package pdftex.def Info: ficha_catalog.pdf used on input line 106.
(pdftex.def)             Requested size: 597.551pt x 845.07512pt.

<ficha_catalog.pdf, id=23, page=1, 597.55246pt x 845.07718pt>
File: ficha_catalog.pdf Graphic file (type pdf)

<use ficha_catalog.pdf, page 1>
Package pdftex.def Info: ficha_catalog.pdf, page1 used on input line 106.
(pdftex.def)             Requested size: 597.551pt x 845.07512pt.
File: ficha_catalog.pdf Graphic file (type pdf)
 <use ficha_catalog.pdf, page 1>
Package pdftex.def Info: ficha_catalog.pdf, page1 used on input line 106.
(pdftex.def)             Requested size: 597.57834pt x 845.1138pt.
File: ficha_catalog.pdf Graphic file (type pdf)

<use ficha_catalog.pdf, page 1>
Package pdftex.def Info: ficha_catalog.pdf, page1 used on input line 106.
(pdftex.def)             Requested size: 597.57834pt x 845.1138pt.
File: ficha_catalog.pdf Graphic file (type pdf)
 <use ficha_catalog.pdf, page 1>
Package pdftex.def Info: ficha_catalog.pdf, page1 used on input line 106.
(pdftex.def)             Requested size: 597.57834pt x 845.1138pt.
File: ficha_catalog.pdf Graphic file (type pdf)

<use ficha_catalog.pdf, page 1>
Package pdftex.def Info: ficha_catalog.pdf, page1 used on input line 106.
(pdftex.def)             Requested size: 597.57834pt x 845.1138pt.
 [2 <./ficha_catalog.pdf>]
\openout2 = `folhadeaprovacao.aux'.


(./folhadeaprovacao.tex
Overfull \hbox (2.86786pt too wide) in paragraph at lines 11--16
[]  $[]$ 
 []

[3


])
\openout2 = `resumo.aux'.

 (./resumo.tex [4



])
\openout2 = `abstract.aux'.

 (./abstract.tex [5



]) (./main.lof [6


]) [7] (./main.lot)
[8

] [9


] [10] (./main.toc
LaTeX Font Info:    Font shape `T1/ptm/bx/it' in size <12> not available
(Font)              Font shape `T1/ptm/b/it' tried instead on input line 26.
 [11

]) [12]
\openout2 = `introducao.aux'.

 (./introducao.tex
Overfull \vbox (5.11996pt too high) has occurred while \output is active []


[11



]
Overfull \vbox (5.11996pt too high) has occurred while \output is active []


[12])
Overfull \vbox (5.11996pt too high) has occurred while \output is active []


[13]
\openout2 = `cap2.aux'.

 (./cap2.tex)
Overfull \vbox (5.11996pt too high) has occurred while \output is active []


[14



]
\openout2 = `cap3.aux'.

 (./cap3.tex
LaTeX Font Info:    Try loading font information for OMS+ptm on input line 10.
 (/usr/share/texlive/texmf-dist/tex/latex/psnfss/omsptm.fd
File: omsptm.fd 
)
LaTeX Font Info:    Font shape `OMS/ptm/m/n' in size <12> not available
(Font)              Font shape `OMS/cmsy/m/n' tried instead on input line 10.
)
Overfull \vbox (5.11996pt too high) has occurred while \output is active []


[15



]
\openout2 = `cap4.aux'.

 (./cap4.tex
Overfull \vbox (5.11996pt too high) has occurred while \output is active []


[16



]
Overfull \vbox (5.11996pt too high) has occurred while \output is active []


[17]
* abntbibifspcampinas: Ilustrado.

<imagens/categoriaFuncionalSistemasEmbarcados.png, id=384, 1204.5pt x 990.8217p
t>
File: imagens/categoriaFuncionalSistemasEmbarcados.png Graphic file (type png)
 <use imagens/categoriaFuncionalSistemasEmbarcados.png>
Package pdftex.def Info: imagens/categoriaFuncionalSistemasEmbarcados.png used 
on input line 24.
(pdftex.def)             Requested size: 373.39114pt x 307.15155pt.

Overfull \vbox (5.11996pt too high) has occurred while \output is active []


[18 <./imagens/categoriaFuncionalSistemasEmbarcados.png>]
<imagens/intercomunicacaoEntreCategorias.png, id=402, 1204.5pt x 439.4016pt>
File: imagens/intercomunicacaoEntreCategorias.png Graphic file (type png)

<use imagens/intercomunicacaoEntreCategorias.png>
Package pdftex.def Info: imagens/intercomunicacaoEntreCategorias.png used on in
put line 51.
(pdftex.def)             Requested size: 445.65802pt x 162.57603pt.

Overfull \vbox (5.11996pt too high) has occurred while \output is active []


[19] <imagens/relacaoSensorAtuador.png, id=415, 831.105pt x 258.4857pt>
File: imagens/relacaoSensorAtuador.png Graphic file (type png)

<use imagens/relacaoSensorAtuador.png>
Package pdftex.def Info: imagens/relacaoSensorAtuador.png used on input line 60
.
(pdftex.def)             Requested size: 241.01427pt x 74.95892pt.

Overfull \vbox (5.11996pt too high) has occurred while \output is active []


[20 <./imagens/intercomunicacaoEntreCategorias.png> <./imagens/relacaoSensorAtu
ador.png>] <imagens/ecu1.jpg, id=435, 165.18857pt x 128.02115pt>
File: imagens/ecu1.jpg Graphic file (type jpg)

<use imagens/ecu1.jpg>
Package pdftex.def Info: imagens/ecu1.jpg used on input line 74.
(pdftex.def)             Requested size: 214.74509pt x 166.42744pt.

<imagens/ecuSensorAtuador.png, id=440, 712.8231pt x 573.342pt>
File: imagens/ecuSensorAtuador.png Graphic file (type png)

<use imagens/ecuSensorAtuador.png>
Package pdftex.def Info: imagens/ecuSensorAtuador.png used on input line 83.
(pdftex.def)             Requested size: 242.35664pt x 194.9337pt.

Overfull \vbox (5.11996pt too high) has occurred while \output is active []


[21 <./imagens/ecu1.jpg>]
Overfull \vbox (5.11996pt too high) has occurred while \output is active []


[22 <./imagens/ecuSensorAtuador.png>]
<imagens/redesGateway.png, id=467, 889.6437pt x 340.3917pt>
File: imagens/redesGateway.png Graphic file (type png)

<use imagens/redesGateway.png>
Package pdftex.def Info: imagens/redesGateway.png used on input line 115.
(pdftex.def)             Requested size: 311.37996pt x 119.13887pt.


Package hyperref Warning: Token not allowed in a PDF string (PDFDocEncoding):
(hyperref)                removing `math shift' on input line 119.


Package hyperref Warning: Token not allowed in a PDF string (PDFDocEncoding):
(hyperref)                removing `\@@underline' on input line 119.


Package hyperref Warning: Token not allowed in a PDF string (PDFDocEncoding):
(hyperref)                removing `\hbox' on input line 119.


Package hyperref Warning: Token not allowed in a PDF string (PDFDocEncoding):
(hyperref)                removing `\mathsurround' on input line 119.


Package hyperref Warning: Token not allowed in a PDF string (PDFDocEncoding):
(hyperref)                removing `\z@' on input line 119.


Package hyperref Warning: Token not allowed in a PDF string (PDFDocEncoding):
(hyperref)                removing `math shift' on input line 119.


Overfull \vbox (5.11996pt too high) has occurred while \output is active []


[23 <./imagens/redesGateway.png>]
<imagens/protocoloCanEVariacoes.png, id=490, 710.4141pt x 297.9933pt>
File: imagens/protocoloCanEVariacoes.png Graphic file (type png)

<use imagens/protocoloCanEVariacoes.png>
Package pdftex.def Info: imagens/protocoloCanEVariacoes.png used on input line 
131.
(pdftex.def)             Requested size: 177.60309pt x 74.49814pt.

Overfull \vbox (5.11996pt too high) has occurred while \output is active []


[24]

Package hyperref Warning: Token not allowed in a PDF string (PDFDocEncoding):
(hyperref)                removing `math shift' on input line 137.


Package hyperref Warning: Token not allowed in a PDF string (PDFDocEncoding):
(hyperref)                removing `\@@underline' on input line 137.


Package hyperref Warning: Token not allowed in a PDF string (PDFDocEncoding):
(hyperref)                removing `\hbox' on input line 137.


Package hyperref Warning: Token not allowed in a PDF string (PDFDocEncoding):
(hyperref)                removing `\mathsurround' on input line 137.


Package hyperref Warning: Token not allowed in a PDF string (PDFDocEncoding):
(hyperref)                removing `\z@' on input line 137.


Package hyperref Warning: Token not allowed in a PDF string (PDFDocEncoding):
(hyperref)                removing `math shift' on input line 137.

<imagens/protocoloSaeJ1850.png, id=506, 880.2486pt x 236.082pt>
File: imagens/protocoloSaeJ1850.png Graphic file (type png)

<use imagens/protocoloSaeJ1850.png>
Package pdftex.def Info: imagens/protocoloSaeJ1850.png used on input line 143.
(pdftex.def)             Requested size: 220.06161pt x 59.02034pt.

Overfull \vbox (5.11996pt too high) has occurred while \output is active []


[25 <./imagens/protocoloCanEVariacoes.png> <./imagens/protocoloSaeJ1850.png>]
<imagens/obdII.png, id=532, 1438.37375pt x 958.58125pt>
File: imagens/obdII.png Graphic file (type png)

<use imagens/obdII.png>
Package pdftex.def Info: imagens/obdII.png used on input line 159.
(pdftex.def)             Requested size: 273.29385pt x 182.13232pt.

Overfull \vbox (5.11996pt too high) has occurred while \output is active []


[26 <./imagens/obdII.png>] <imagens/luzMil.jpg, id=546, 642.4pt x 481.8pt>
File: imagens/luzMil.jpg Graphic file (type jpg)

<use imagens/luzMil.jpg>
Package pdftex.def Info: imagens/luzMil.jpg used on input line 168.
(pdftex.def)             Requested size: 96.35583pt x 72.26688pt.

<imagens/arquiteturaRedeVeicular.png, id=550, 1204.2591pt x 655.0071pt>
File: imagens/arquiteturaRedeVeicular.png Graphic file (type png)

<use imagens/arquiteturaRedeVeicular.png>
Package pdftex.def Info: imagens/arquiteturaRedeVeicular.png used on input line
 179.
(pdftex.def)             Requested size: 385.37079pt x 209.60655pt.

Overfull \vbox (5.11996pt too high) has occurred while \output is active []


[27 <./imagens/luzMil.jpg> <./imagens/arquiteturaRedeVeicular.png>]
<imagens/elm327-min.png, id=573, 2190.1825pt x 1174.3875pt>
File: imagens/elm327-min.png Graphic file (type png)

<use imagens/elm327-min.png>
Package pdftex.def Info: imagens/elm327-min.png used on input line 191.
(pdftex.def)             Requested size: 350.43636pt x 187.90584pt.

<imagens/arquiteturaRedeVeicularELM327.png, id=574, 1204.2591pt x 481.8pt>
File: imagens/arquiteturaRedeVeicularELM327.png Graphic file (type png)

<use imagens/arquiteturaRedeVeicularELM327.png>
Package pdftex.def Info: imagens/arquiteturaRedeVeicularELM327.png used on inpu
t line 198.
(pdftex.def)             Requested size: 421.497pt x 168.63252pt.

Overfull \vbox (5.11996pt too high) has occurred while \output is active []


[28 <./imagens/elm327-min.png>]

Package hyperref Warning: Token not allowed in a PDF string (PDFDocEncoding):
(hyperref)                removing `math shift' on input line 212.


Package hyperref Warning: Token not allowed in a PDF string (PDFDocEncoding):
(hyperref)                removing `\@@underline' on input line 212.


Package hyperref Warning: Token not allowed in a PDF string (PDFDocEncoding):
(hyperref)                removing `\hbox' on input line 212.


Package hyperref Warning: Token not allowed in a PDF string (PDFDocEncoding):
(hyperref)                removing `\mathsurround' on input line 212.


Package hyperref Warning: Token not allowed in a PDF string (PDFDocEncoding):
(hyperref)                removing `\z@' on input line 212.


Package hyperref Warning: Token not allowed in a PDF string (PDFDocEncoding):
(hyperref)                removing `math shift' on input line 212.


Overfull \vbox (5.11996pt too high) has occurred while \output is active []


[29 <./imagens/arquiteturaRedeVeicularELM327.png>]
<imagens/raspberry-min.png, id=604, 1541.76pt x 986.68625pt>
File: imagens/raspberry-min.png Graphic file (type png)

<use imagens/raspberry-min.png>
Package pdftex.def Info: imagens/raspberry-min.png used on input line 223.
(pdftex.def)             Requested size: 308.34654pt x 197.33376pt.

Overfull \vbox (5.11996pt too high) has occurred while \output is active []


[30]
Overfull \vbox (5.11996pt too high) has occurred while \output is active []


[31 <./imagens/raspberry-min.png>]
<imagens/diagramaIOT.png, id=640, 953.2413pt x 983.5947pt>
File: imagens/diagramaIOT.png Graphic file (type png)

<use imagens/diagramaIOT.png>
Package pdftex.def Info: imagens/diagramaIOT.png used on input line 244.
(pdftex.def)             Requested size: 381.28976pt x 393.43091pt.
)
Overfull \vbox (5.11996pt too high) has occurred while \output is active []


[32]
Overfull \vbox (5.11996pt too high) has occurred while \output is active []


[33 <./imagens/diagramaIOT.png>]
\openout2 = `cap5.aux'.

 (./cap5.tex
<imagens/telaLeituraJavaFx.png, id=663, 370.38374pt x 245.41687pt>
File: imagens/telaLeituraJavaFx.png Graphic file (type png)

<use imagens/telaLeituraJavaFx.png>
Package pdftex.def Info: imagens/telaLeituraJavaFx.png used on input line 13.
(pdftex.def)             Requested size: 277.78711pt x 184.0622pt.

Overfull \vbox (5.11996pt too high) has occurred while \output is active []


[34



 <./imagens/telaLeituraJavaFx.png>]
<imagens/estruturacaoPacotes.png, id=674, 1076.52188pt x 617.30624pt>
File: imagens/estruturacaoPacotes.png Graphic file (type png)

<use imagens/estruturacaoPacotes.png>
Package pdftex.def Info: imagens/estruturacaoPacotes.png used on input line 25.

(pdftex.def)             Requested size: 452.13611pt x 259.26685pt.

Overfull \vbox (5.11996pt too high) has occurred while \output is active []


[35 <./imagens/estruturacaoPacotes.png>]
<imagens/pacoteScanner-ELM327.png, id=689, 494.59781pt x 140.02313pt>
File: imagens/pacoteScanner-ELM327.png Graphic file (type png)

<use imagens/pacoteScanner-ELM327.png>
Package pdftex.def Info: imagens/pacoteScanner-ELM327.png used on input line 34
.
(pdftex.def)             Requested size: 346.2161pt x 98.01552pt.

<imagens/pacoteScanner-ELM327_disconnect.png, id=690, 438.13687pt x 65.49469pt>
File: imagens/pacoteScanner-ELM327_disconnect.png Graphic file (type png)
<use imagens/pacoteScanner-ELM327_disconnect.png>
Package pdftex.def Info: imagens/pacoteScanner-ELM327_disconnect.png used on in
put line 41.
(pdftex.def)             Requested size: 306.69371pt x 45.84595pt.

<imagens/pacoteScanner-ELM327_readRpm.png, id=691, 536.75531pt x 82.05656pt>
File: imagens/pacoteScanner-ELM327_readRpm.png Graphic file (type png)

<use imagens/pacoteScanner-ELM327_readRpm.png>
Package pdftex.def Info: imagens/pacoteScanner-ELM327_readRpm.png used on input
 line 48.
(pdftex.def)             Requested size: 456.24416pt x 69.7484pt.

Overfull \hbox (1.24416pt too wide) in paragraph at lines 48--48
 [][] 
 []


<imagens/pacoteScanner-ELM327_readSpeed.png, id=692, 545.78906pt x 85.82062pt>
File: imagens/pacoteScanner-ELM327_readSpeed.png Graphic file (type png)

<use imagens/pacoteScanner-ELM327_readSpeed.png>
Package pdftex.def Info: imagens/pacoteScanner-ELM327_readSpeed.png used on inp
ut line 55.
(pdftex.def)             Requested size: 463.92288pt x 72.94785pt.

Overfull \hbox (8.92288pt too wide) in paragraph at lines 55--55
 [][] 
 []


<imagens/pacoteScanner-ELM327_readFuelPressure.png, id=693, 592.46344pt x 104.6
4093pt>
File: imagens/pacoteScanner-ELM327_readFuelPressure.png Graphic file (type png)

 <use imagens/pacoteScanner-ELM327_readFuelPressure.png>
Package pdftex.def Info: imagens/pacoteScanner-ELM327_readFuelPressure.png used
 on input line 62.
(pdftex.def)             Requested size: 473.97139pt x 83.71283pt.

Overfull \hbox (18.97139pt too wide) in paragraph at lines 62--62
 [][] 
 []


<imagens/pacoteScanner-ELM327_readOilTemp.png, id=694, 573.64313pt x 102.3825pt
>
File: imagens/pacoteScanner-ELM327_readOilTemp.png Graphic file (type png)
 <use imagens/pacoteScanner-ELM327_readOilTemp.png>
Package pdftex.def Info: imagens/pacoteScanner-ELM327_readOilTemp.png used on i
nput line 69.
(pdftex.def)             Requested size: 487.59895pt x 87.02553pt.

Overfull \hbox (32.59895pt too wide) in paragraph at lines 69--69
 [][] 
 []


<imagens/pacoteScanner-ELM327_readFindFuelType.png, id=695, 596.2275pt x 106.14
656pt>
File: imagens/pacoteScanner-ELM327_readFindFuelType.png Graphic file (type png)

 <use imagens/pacoteScanner-ELM327_readFindFuelType.png>
Package pdftex.def Info: imagens/pacoteScanner-ELM327_readFindFuelType.png used
 on input line 76.
(pdftex.def)             Requested size: 476.98265pt x 84.91736pt.

Overfull \hbox (21.98265pt too wide) in paragraph at lines 76--76
 [][] 
 []


<imagens/pacoteScanner-ELM327_readFuelLevel.png, id=696, 557.83406pt x 97.86563
pt>
File: imagens/pacoteScanner-ELM327_readFuelLevel.png Graphic file (type png)
 <use imagens/pacoteScanner-ELM327_readFuelLevel.png>
Package pdftex.def Info: imagens/pacoteScanner-ELM327_readFuelLevel.png used on
 input line 83.
(pdftex.def)             Requested size: 390.48117pt x 68.50545pt.

<imagens/pacoteScanner-ELM327_clearBuffer.png, id=697, 575.14874pt x 95.6072pt>
File: imagens/pacoteScanner-ELM327_clearBuffer.png Graphic file (type png)
<use imagens/pacoteScanner-ELM327_clearBuffer.png>
Package pdftex.def Info: imagens/pacoteScanner-ELM327_clearBuffer.png used on i
nput line 90.
(pdftex.def)             Requested size: 402.60138pt x 66.92456pt.

Overfull \vbox (5.11996pt too high) has occurred while \output is active []


[36 <./imagens/pacoteScanner-ELM327.png> <./imagens/pacoteScanner-ELM327_discon
nect.png> <./imagens/pacoteScanner-ELM327_readRpm.png>]
Overfull \vbox (5.11996pt too high) has occurred while \output is active []


[37 <./imagens/pacoteScanner-ELM327_readSpeed.png> <./imagens/pacoteScanner-ELM
327_readFuelPressure.png> <./imagens/pacoteScanner-ELM327_readOilTemp.png> <./i
magens/pacoteScanner-ELM327_readFindFuelType.png> <./imagens/pacoteScanner-ELM3
27_readFuelLevel.png>]
<imagens/diagramaMvc.png, id=717, 1105.0083pt x 671.3883pt>
File: imagens/diagramaMvc.png Graphic file (type png)

<use imagens/diagramaMvc.png>
Package pdftex.def Info: imagens/diagramaMvc.png used on input line 99.
(pdftex.def)             Requested size: 441.99548pt x 268.55055pt.

Overfull \vbox (5.11996pt too high) has occurred while \output is active []


[38 <./imagens/pacoteScanner-ELM327_clearBuffer.png> <./imagens/diagramaMvc.png
>] <imagens/displayRaspberry-min.png, id=731, 2316.655pt x 1963.335pt>
File: imagens/displayRaspberry-min.png Graphic file (type png)

<use imagens/displayRaspberry-min.png>
Package pdftex.def Info: imagens/displayRaspberry-min.png used on input line 10
9.
(pdftex.def)             Requested size: 277.9866pt x 235.59003pt.

<imagens/raspberryGPIO-min.png, id=732, 2289.55376pt x 2080.77374pt>
File: imagens/raspberryGPIO-min.png Graphic file (type png)

<use imagens/raspberryGPIO-min.png>
Package pdftex.def Info: imagens/raspberryGPIO-min.png used on input line 116.
(pdftex.def)             Requested size: 274.7346pt x 249.68207pt.

Overfull \vbox (5.11996pt too high) has occurred while \output is active []


[39 <./imagens/displayRaspberry-min.png> <./imagens/raspberryGPIO-min.png>]
<imagens/sistemaRodandoRaspberry-min.png, id=743, 2117.9125pt x 1415.2875pt>
File: imagens/sistemaRodandoRaspberry-min.png Graphic file (type png)

<use imagens/sistemaRodandoRaspberry-min.png>
Package pdftex.def Info: imagens/sistemaRodandoRaspberry-min.png used on input 
line 127.
(pdftex.def)             Requested size: 317.67317pt x 212.28397pt.

Overfull \vbox (5.11996pt too high) has occurred while \output is active []


[40 <./imagens/sistemaRodandoRaspberry-min.png>]
<imagens/baseDadosBanco.png, id=758, 191.21437pt x 119.69719pt>
File: imagens/baseDadosBanco.png Graphic file (type png)

<use imagens/baseDadosBanco.png>
Package pdftex.def Info: imagens/baseDadosBanco.png used on input line 142.
(pdftex.def)             Requested size: 286.82085pt x 179.54532pt.

Overfull \vbox (5.11996pt too high) has occurred while \output is active []


[41 <./imagens/baseDadosBanco.png>]
<imagens/estruturacaoPacotesNovo.png, id=773, 788.9475pt x 589.4522pt>
File: imagens/estruturacaoPacotesNovo.png Graphic file (type png)

<use imagens/estruturacaoPacotesNovo.png>
Package pdftex.def Info: imagens/estruturacaoPacotesNovo.png used on input line
 152.
(pdftex.def)             Requested size: 347.13797pt x 259.35977pt.

<imagens/diagramaMvcDao.png, id=774, 1204.2591pt x 483.4863pt>
File: imagens/diagramaMvcDao.png Graphic file (type png)

<use imagens/diagramaMvcDao.png>
Package pdftex.def Info: imagens/diagramaMvcDao.png used on input line 159.
(pdftex.def)             Requested size: 457.62321pt x 183.7267pt.

Overfull \hbox (2.62321pt too wide) in paragraph at lines 159--159
 [][] 
 []


Overfull \vbox (5.11996pt too high) has occurred while \output is active []


[42 <./imagens/estruturacaoPacotesNovo.png> <./imagens/diagramaMvcDao.png>]
<imagens/pacoteModel-ELM327ReadSensors.png, id=783, 530.73282pt x 344.03531pt>
File: imagens/pacoteModel-ELM327ReadSensors.png Graphic file (type png)

<use imagens/pacoteModel-ELM327ReadSensors.png>
Package pdftex.def Info: imagens/pacoteModel-ELM327ReadSensors.png used on inpu
t line 168.
(pdftex.def)             Requested size: 350.28474pt x 227.064pt.

<imagens/pacoteDatabase-DBConnection.png, id=785, 529.22719pt x 145.29282pt>
File: imagens/pacoteDatabase-DBConnection.png Graphic file (type png)

<use imagens/pacoteDatabase-DBConnection.png>
Package pdftex.def Info: imagens/pacoteDatabase-DBConnection.png used on input 
line 177.
(pdftex.def)             Requested size: 349.29102pt x 95.89354pt.

<imagens/pacoteDao-ELM327ReadSensorsDAO.png, id=789, 577.40718pt x 370.38374pt>
File: imagens/pacoteDao-ELM327ReadSensorsDAO.png Graphic file (type png)
<use imagens/pacoteDao-ELM327ReadSensorsDAO.png>
Package pdftex.def Info: imagens/pacoteDao-ELM327ReadSensorsDAO.png used on inp
ut line 186.
(pdftex.def)             Requested size: 381.08992pt x 244.45401pt.

Overfull \vbox (5.11996pt too high) has occurred while \output is active []


[43 <./imagens/pacoteModel-ELM327ReadSensors.png> <./imagens/pacoteDatabase-DBC
onnection.png>]
<imagens/GET-collection_webservice.png, id=800, 508.90125pt x 160.34906pt>
File: imagens/GET-collection_webservice.png Graphic file (type png)

<use imagens/GET-collection_webservice.png>
Package pdftex.def Info: imagens/GET-collection_webservice.png used on input li
ne 200.
(pdftex.def)             Requested size: 335.87585pt x 105.8307pt.

Overfull \vbox (5.11996pt too high) has occurred while \output is active []


[44 <./imagens/pacoteDao-ELM327ReadSensorsDAO.png>]
<imagens/paginaweb_inputs.png, id=809, 691.83469pt x 227.34938pt>
File: imagens/paginaweb_inputs.png Graphic file (type png)

<use imagens/paginaweb_inputs.png>
Package pdftex.def Info: imagens/paginaweb_inputs.png used on input line 212.
(pdftex.def)             Requested size: 428.93307pt x 140.95515pt.

<imagens/requisicaoAjax.png, id=812, 605.26125pt x 345.54094pt>
File: imagens/requisicaoAjax.png Graphic file (type png)

<use imagens/requisicaoAjax.png>
Package pdftex.def Info: imagens/requisicaoAjax.png used on input line 222.
(pdftex.def)             Requested size: 387.36586pt x 221.14543pt.

<imagens/arquiteturaRedeVeicularELM327Nuvem.png, id=813, 1204.5pt x 824.6007pt>
File: imagens/arquiteturaRedeVeicularELM327Nuvem.png Graphic file (type png)
<use imagens/arquiteturaRedeVeicularELM327Nuvem.png>
Package pdftex.def Info: imagens/arquiteturaRedeVeicularELM327Nuvem.png used on
 input line 229.
(pdftex.def)             Requested size: 457.71477pt x 313.35152pt.

Overfull \hbox (2.71477pt too wide) in paragraph at lines 229--229
 [][] 
 []

)
Overfull \vbox (5.11996pt too high) has occurred while \output is active []


[45 <./imagens/GET-collection_webservice.png> <./imagens/paginaweb_inputs.png>]

Overfull \vbox (5.11996pt too high) has occurred while \output is active []


[46 <./imagens/requisicaoAjax.png> <./imagens/arquiteturaRedeVeicularELM327Nuve
m.png>]
\openout2 = `cap6.aux'.

 (./cap6.tex
Overfull \vbox (5.11996pt too high) has occurred while \output is active []


[47



]
Overfull \vbox (5.11996pt too high) has occurred while \output is active []


[48] <imagens/JSON_retornoWebservice.png, id=838, 525.46312pt x 327.47343pt>
File: imagens/JSON_retornoWebservice.png Graphic file (type png)

<use imagens/JSON_retornoWebservice.png>
Package pdftex.def Info: imagens/JSON_retornoWebservice.png used on input line 
24.
(pdftex.def)             Requested size: 357.3102pt x 222.67899pt.

<imagens/paginaweb_tabelaDados.png, id=840, 612.78937pt x 511.15968pt>
File: imagens/paginaweb_tabelaDados.png Graphic file (type png)

<use imagens/paginaweb_tabelaDados.png>
Package pdftex.def Info: imagens/paginaweb_tabelaDados.png used on input line 3
3.
(pdftex.def)             Requested size: 416.69125pt x 347.58397pt.
)
Overfull \vbox (5.11996pt too high) has occurred while \output is active []


[49 <./imagens/JSON_retornoWebservice.png>]
Overfull \vbox (5.11996pt too high) has occurred while \output is active []


[50 <./imagens/paginaweb_tabelaDados.png>]
\openout2 = `cap7.aux'.

 (./cap7.tex
Overfull \vbox (5.11996pt too high) has occurred while \output is active []


[51



])
Overfull \vbox (5.11996pt too high) has occurred while \output is active []


[52] (./main.bbl
bibitemlist
[53


]
LaTeX Font Info:    Font shape `T1/ptm/bx/n' in size <9> not available
(Font)              Font shape `T1/ptm/b/n' tried instead on input line 203.
 [54])
Overfull \vbox (5.11996pt too high) has occurred while \output is active []


[55]
\openout2 = `apendice.aux'.

 (./apendice.tex
<imagens/pacoteBluetooth-BluetoothConnection.png, id=893, 579.66562pt x 195.731
25pt>
File: imagens/pacoteBluetooth-BluetoothConnection.png Graphic file (type png)
 <use imagens/pacoteBluetooth-BluetoothConnection.png>
Package pdftex.def Info: imagens/pacoteBluetooth-BluetoothConnection.png used o
n input line 8.
(pdftex.def)             Requested size: 463.73312pt x 156.58519pt.

Overfull \hbox (8.73312pt too wide) in paragraph at lines 8--8
 [][] 
 []


<imagens/pacoteBluetooth-DiscoveryDevices_DiscoveryListener.png, id=894, 546.54
187pt x 232.61906pt>
File: imagens/pacoteBluetooth-DiscoveryDevices_DiscoveryListener.png Graphic fi
le (type png)

<use imagens/pacoteBluetooth-DiscoveryDevices_DiscoveryListener.png>
Package pdftex.def Info: imagens/pacoteBluetooth-DiscoveryDevices_DiscoveryList
ener.png used on input line 15.
(pdftex.def)             Requested size: 513.74942pt x 218.66194pt.

Overfull \hbox (58.74942pt too wide) in paragraph at lines 15--15
 [][] 
 []


<imagens/pacoteBluetooth-DiscoveryDevices_deviceDiscovered.png, id=895, 584.182
5pt x 122.70844pt>
File: imagens/pacoteBluetooth-DiscoveryDevices_deviceDiscovered.png Graphic fil
e (type png)

<use imagens/pacoteBluetooth-DiscoveryDevices_deviceDiscovered.png>
Package pdftex.def Info: imagens/pacoteBluetooth-DiscoveryDevices_deviceDiscove
red.png used on input line 22.
(pdftex.def)             Requested size: 455.6605pt x 95.71219pt.

Overfull \hbox (0.6605pt too wide) in paragraph at lines 22--22
 [][] 
 []


<imagens/pacoteBluetooth-DiscoveryDevices_inquiryCompleted.png, id=896, 450.934
7pt x 426.09187pt>
File: imagens/pacoteBluetooth-DiscoveryDevices_inquiryCompleted.png Graphic fil
e (type png)

<use imagens/pacoteBluetooth-DiscoveryDevices_inquiryCompleted.png>
Package pdftex.def Info: imagens/pacoteBluetooth-DiscoveryDevices_inquiryComple
ted.png used on input line 29.
(pdftex.def)             Requested size: 360.74825pt x 340.87395pt.

<imagens/pacoteBluetooth-DiscoveryDevices_servicesDiscovered.png, id=897, 610.5
3094pt x 121.20282pt>
File: imagens/pacoteBluetooth-DiscoveryDevices_servicesDiscovered.png Graphic f
ile (type png)

<use imagens/pacoteBluetooth-DiscoveryDevices_servicesDiscovered.png>
Package pdftex.def Info: imagens/pacoteBluetooth-DiscoveryDevices_servicesDisco
vered.png used on input line 36.
(pdftex.def)             Requested size: 476.21222pt x 94.53781pt.

Overfull \hbox (21.21222pt too wide) in paragraph at lines 36--36
 [][] 
 []


<imagens/pacoteBluetooth-DiscoveryDevices_serviceSearchCompleted.png, id=898, 5
13.41812pt x 123.46124pt>
File: imagens/pacoteBluetooth-DiscoveryDevices_serviceSearchCompleted.png Graph
ic file (type png)

<use imagens/pacoteBluetooth-DiscoveryDevices_serviceSearchCompleted.png>
Package pdftex.def Info: imagens/pacoteBluetooth-DiscoveryDevices_serviceSearch
Completed.png used on input line 43.
(pdftex.def)             Requested size: 400.46451pt x 96.29936pt.

<imagens/pacoteBluetooth-DiscoveryDevices_discovery.png, id=899, 647.41875pt x 
536.75531pt>
File: imagens/pacoteBluetooth-DiscoveryDevices_discovery.png Graphic file (type
 png)
 <use imagens/pacoteBluetooth-DiscoveryDevices_discovery.png>
Package pdftex.def Info: imagens/pacoteBluetooth-DiscoveryDevices_discovery.png
 used on input line 50.
(pdftex.def)             Requested size: 453.19003pt x 375.72614pt.

<imagens/pacoteScanner-ConnectToDevice.png, id=902, 525.46312pt x 247.67531pt>
File: imagens/pacoteScanner-ConnectToDevice.png Graphic file (type png)

<use imagens/pacoteScanner-ConnectToDevice.png>
Package pdftex.def Info: imagens/pacoteScanner-ConnectToDevice.png used on inpu
t line 59.
(pdftex.def)             Requested size: 420.37106pt x 198.1405pt.

<imagens/pacoteScanner-ConnectToDevice_connectToDevice.png, id=903, 605.26125pt
 x 526.96875pt>
File: imagens/pacoteScanner-ConnectToDevice_connectToDevice.png Graphic file (t
ype png)

<use imagens/pacoteScanner-ConnectToDevice_connectToDevice.png>
Package pdftex.def Info: imagens/pacoteScanner-ConnectToDevice_connectToDevice.
png used on input line 66.
(pdftex.def)             Requested size: 423.67998pt x 368.8756pt.
)
Overfull \vbox (5.11996pt too high) has occurred while \output is active []


[56


 <./imagens/pacoteBluetooth-BluetoothConnection.png>]
Overfull \vbox (5.11996pt too high) has occurred while \output is active []


[57 <./imagens/pacoteBluetooth-DiscoveryDevices_DiscoveryListener.png> <./image
ns/pacoteBluetooth-DiscoveryDevices_deviceDiscovered.png>]
Overfull \vbox (5.11996pt too high) has occurred while \output is active []


[58 <./imagens/pacoteBluetooth-DiscoveryDevices_inquiryCompleted.png> <./imagen
s/pacoteBluetooth-DiscoveryDevices_servicesDiscovered.png> <./imagens/pacoteBlu
etooth-DiscoveryDevices_serviceSearchCompleted.png>]
Overfull \vbox (5.11996pt too high) has occurred while \output is active []


[59 <./imagens/pacoteBluetooth-DiscoveryDevices_discovery.png> <./imagens/pacot
eScanner-ConnectToDevice.png>]
Overfull \vbox (5.11996pt too high) has occurred while \output is active []


[60 <./imagens/pacoteScanner-ConnectToDevice_connectToDevice.png>]

AED: lastpage setting LastPage
\tf@lof=\write5
\openout5 = `main.lof'.

\tf@lot=\write6
\openout6 = `main.lot'.

\tf@toc=\write7
\openout7 = `main.toc'.

Package atveryend Info: Empty hook `BeforeClearDocument' on input line 238.
Package atveryend Info: Empty hook `AfterLastShipout' on input line 238.
(./main.aux (./folhadeaprovacao.aux) (./resumo.aux) (./abstract.aux)
(./introducao.aux) (./cap2.aux) (./cap3.aux) (./cap4.aux) (./cap5.aux)
(./cap6.aux) (./cap7.aux) (./apendice.aux))
Package atveryend Info: Executing hook `AtVeryEndDocument' on input line 238.
Package atveryend Info: Empty hook `AtEndAfterFileList' on input line 238.


LaTeX Warning: Label(s) may have changed. Rerun to get cross-references right.

Package atveryend Info: Empty hook `AtVeryVeryEnd' on input line 238.
 ) 
Here is how much of TeX's memory you used:
 24917 strings out of 494888
 439982 string characters out of 6179128
 582425 words of memory out of 5000000
 27139 multiletter control sequences out of 15000+600000
 55140 words of font info for 234 fonts, out of 8000000 for 9000
 38 hyphenation exceptions out of 8191
 68i,18n,56p,2325b,608s stack positions out of 5000i,500n,10000p,200000b,80000s
{/usr/share/texlive/texmf-dist/fonts/enc/dvips/base/8r.enc}</usr/share/texliv
e/texmf-dist/fonts/type1/public/amsfonts/cm/cmmi10.pfb></usr/share/texlive/texm
f-dist/fonts/type1/public/amsfonts/cm/cmsy10.pfb></usr/share/texlive/texmf-dist
/fonts/type1/urw/times/utmb8a.pfb></usr/share/texlive/texmf-dist/fonts/type1/ur
w/times/utmbi8a.pfb></usr/share/texlive/texmf-dist/fonts/type1/urw/times/utmr8a
.pfb></usr/share/texlive/texmf-dist/fonts/type1/urw/times/utmri8a.pfb>
Output written on main.pdf (63 pages, 14000899 bytes).
PDF statistics:
 1158 PDF objects out of 1200 (max. 8388607)
 970 compressed objects within 10 object streams
 211 named destinations out of 1000 (max. 500000)
 30904 words of extra memory for PDF output out of 35830 (max. 10000000)

