#
# There is insufficient memory for the Java Runtime Environment to continue.
# Native memory allocation (malloc) failed to allocate 32744 bytes for ChunkPool::allocate
# Possible reasons:
#   The system is out of physical RAM or swap space
#   In 32 bit mode, the process size limit was hit
# Possible solutions:
#   Reduce memory load on the system
#   Increase physical memory or swap space
#   Check if swap backing store is full
#   Use 64 bit Java on a 64 bit OS
#   Decrease Java heap size (-Xmx/-Xms)
#   Decrease number of Java threads
#   Decrease Java thread stack sizes (-Xss)
#   Set larger code cache with -XX:ReservedCodeCacheSize=
# This output file may be truncated or incomplete.
#
#  Out of Memory Error (allocation.cpp:273), pid=5064, tid=0x000000000000276c
#
# JRE version: Java(TM) SE Runtime Environment (8.0_102-b14) (build 1.8.0_102-b14)
# Java VM: Java HotSpot(TM) 64-Bit Server VM (25.102-b14 mixed mode windows-amd64 compressed oops)
# Failed to write core dump. Minidumps are not enabled by default on client versions of Windows
#

---------------  T H R E A D  ---------------

Current thread (0x0000000017a94800):  JavaThread "C2 CompilerThread1" daemon [_thread_in_native, id=10092, stack(0x0000000019210000,0x0000000019310000)]

Stack: [0x0000000019210000,0x0000000019310000]
[error occurred during error reporting (printing stack bounds), id 0xc0000005]

Native frames: (J=compiled Java code, j=interpreted, Vv=VM code, C=native code)


Current CompileTask:
C2:  12359 2480       4       java.net.URLClassLoader$1::run (5 bytes)


---------------  P R O C E S S  ---------------

Java Threads: ( => current thread )
  0x00000000232be800 JavaThread "Prism Font Disposer" daemon [_thread_blocked, id=12396, stack(0x0000000024250000,0x0000000024350000)]
  0x0000000020c34000 JavaThread "pool-2-thread-1" [_thread_blocked, id=8712, stack(0x0000000022140000,0x0000000022240000)]
  0x000000001a067800 JavaThread "Abandoned connection cleanup thread" daemon [_thread_blocked, id=8968, stack(0x0000000021e40000,0x0000000021f40000)]
  0x0000000019e8b800 JavaThread "Thread-3" daemon [_thread_in_native, id=4304, stack(0x000000001efa0000,0x000000001f0a0000)]
  0x00000000197f4800 JavaThread "JavaFX-Launcher" [_thread_blocked, id=11732, stack(0x000000001f0a0000,0x000000001f1a0000)]
  0x0000000019803800 JavaThread "JavaFX Application Thread" [_thread_in_native, id=8384, stack(0x000000001a900000,0x000000001aa00000)]
  0x0000000019803000 JavaThread "Thread-1" daemon [_thread_blocked, id=1344, stack(0x000000001a800000,0x000000001a900000)]
  0x0000000019e19800 JavaThread "QuantumRenderer-0" daemon [_thread_blocked, id=1200, stack(0x000000001a600000,0x000000001a700000)]
  0x0000000019449800 JavaThread "Service Thread" daemon [_thread_blocked, id=10484, stack(0x0000000019810000,0x0000000019910000)]
  0x0000000017ade000 JavaThread "C1 CompilerThread2" daemon [_thread_in_native, id=5560, stack(0x0000000019310000,0x0000000019410000)]
=>0x0000000017a94800 JavaThread "C2 CompilerThread1" daemon [_thread_in_native, id=10092, stack(0x0000000019210000,0x0000000019310000)]
  0x0000000017a92000 JavaThread "C2 CompilerThread0" daemon [_thread_in_native, id=10368, stack(0x0000000019110000,0x0000000019210000)]
  0x0000000017a90000 JavaThread "Attach Listener" daemon [_thread_blocked, id=10276, stack(0x0000000019010000,0x0000000019110000)]
  0x0000000017a8e800 JavaThread "Signal Dispatcher" daemon [_thread_blocked, id=8756, stack(0x0000000018f10000,0x0000000019010000)]
  0x0000000017a7a000 JavaThread "Finalizer" daemon [_thread_blocked, id=8204, stack(0x0000000018d10000,0x0000000018e10000)]
  0x0000000002f13800 JavaThread "Reference Handler" daemon [_thread_blocked, id=5940, stack(0x0000000018c10000,0x0000000018d10000)]
  0x0000000002e22800 JavaThread "main" [_thread_blocked, id=12140, stack(0x0000000002d20000,0x0000000002e20000)]

Other Threads:
  0x0000000017a57000 VMThread [stack: 0x0000000018b10000,0x0000000018c10000] [id=12032]
  0x0000000019459800 WatcherThread [stack: 0x0000000019d00000,0x0000000019e00000] [id=9728]

VM state:not at safepoint (normal execution)

VM Mutex/Monitor currently owned by a thread: None

Heap:
 PSYoungGen      total 64512K, used 5593K [0x00000000d5c00000, 0x00000000dab00000, 0x0000000100000000)
  eden space 59392K, 9% used [0x00000000d5c00000,0x00000000d6176458,0x00000000d9600000)
  from space 5120K, 0% used [0x00000000d9d00000,0x00000000d9d00000,0x00000000da200000)
  to   space 9216K, 0% used [0x00000000da200000,0x00000000da200000,0x00000000dab00000)
 ParOldGen       total 106496K, used 14959K [0x0000000081400000, 0x0000000087c00000, 0x00000000d5c00000)
  object space 106496K, 14% used [0x0000000081400000,0x000000008229bdd0,0x0000000087c00000)
 Metaspace       used 35328K, capacity 36068K, committed 36392K, reserved 1081344K
  class space    used 4880K, capacity 5073K, committed 5168K, reserved 1048576K

Card table byte_map: [0x00000000122e0000,0x00000000126e0000] byte_map_base: 0x0000000011ed6000

Marking Bits: (ParMarkBitMap*) 0x000000005c3aa6c0
 Begin Bits: [0x0000000012d90000, 0x0000000014d40000)
 End Bits:   [0x0000000014d40000, 0x0000000016cf0000)

Polling page: 0x0000000002b00000

CodeCache: size=245760Kb used=8127Kb max_used=8127Kb free=237633Kb
 bounds [0x0000000002f20000, 0x0000000003720000, 0x0000000011f20000]
 total_blobs=3441 nmethods=2633 adapters=720
 compilation: enabled

Compilation events (10 events):
Event: 12.104 Thread 0x0000000017ade000 2626       1       java.util.Collections$EmptyList::size (2 bytes)
Event: 12.104 Thread 0x0000000017ade000 nmethod 2626 0x000000000370c550 code [0x000000000370c6a0, 0x000000000370c7b0]
Event: 12.275 Thread 0x0000000017ade000 2636       1       com.sun.javafx.stage.WindowEventDispatcher::getLastDispatcher (5 bytes)
Event: 12.275 Thread 0x0000000017ade000 nmethod 2636 0x000000000370c810 code [0x000000000370c960, 0x000000000370ca70]
Event: 12.289 Thread 0x0000000017ade000 2637       3       java.util.EnumMap::get (29 bytes)
Event: 12.290 Thread 0x0000000017ade000 nmethod 2637 0x000000000370cad0 code [0x000000000370cc60, 0x000000000370d0c8]
Event: 12.290 Thread 0x0000000017ade000 2638       3       java.util.EnumMap::isValidKey (36 bytes)
Event: 12.290 Thread 0x0000000017ade000 nmethod 2638 0x000000000370d250 code [0x000000000370d3c0, 0x000000000370d768]
Event: 12.293 Thread 0x0000000017ade000 2639       1       com.sun.javafx.scene.SceneEventDispatcher::getLastDispatcher (5 bytes)
Event: 12.293 Thread 0x0000000017ade000 nmethod 2639 0x000000000370d850 code [0x000000000370d9a0, 0x000000000370dab0]

GC Heap History (10 events):
Event: 1.531 GC heap before
{Heap before GC invocations=3 (full 0):
 PSYoungGen      total 38400K, used 22581K [0x00000000d5c00000, 0x00000000da700000, 0x0000000100000000)
  eden space 33280K, 52% used [0x00000000d5c00000,0x00000000d6d140e8,0x00000000d7c80000)
  from space 5120K, 99% used [0x00000000d8180000,0x00000000d8679670,0x00000000d8680000)
  to   space 5120K, 0% used [0x00000000d7c80000,0x00000000d7c80000,0x00000000d8180000)
 ParOldGen       total 87552K, used 1580K [0x0000000081400000, 0x0000000086980000, 0x00000000d5c00000)
  object space 87552K, 1% used [0x0000000081400000,0x000000008158b360,0x0000000086980000)
 Metaspace       used 20735K, capacity 21170K, committed 21296K, reserved 1067008K
  class space    used 2721K, capacity 2846K, committed 2864K, reserved 1048576K
Event: 1.540 GC heap after
Heap after GC invocations=3 (full 0):
 PSYoungGen      total 38400K, used 5096K [0x00000000d5c00000, 0x00000000da700000, 0x0000000100000000)
  eden space 33280K, 0% used [0x00000000d5c00000,0x00000000d5c00000,0x00000000d7c80000)
  from space 5120K, 99% used [0x00000000d7c80000,0x00000000d817a1c0,0x00000000d8180000)
  to   space 5120K, 0% used [0x00000000da200000,0x00000000da200000,0x00000000da700000)
 ParOldGen       total 87552K, used 4954K [0x0000000081400000, 0x0000000086980000, 0x00000000d5c00000)
  object space 87552K, 5% used [0x0000000081400000,0x00000000818d69a8,0x0000000086980000)
 Metaspace       used 20735K, capacity 21170K, committed 21296K, reserved 1067008K
  class space    used 2721K, capacity 2846K, committed 2864K, reserved 1048576K
}
Event: 1.540 GC heap before
{Heap before GC invocations=4 (full 1):
 PSYoungGen      total 38400K, used 5096K [0x00000000d5c00000, 0x00000000da700000, 0x0000000100000000)
  eden space 33280K, 0% used [0x00000000d5c00000,0x00000000d5c00000,0x00000000d7c80000)
  from space 5120K, 99% used [0x00000000d7c80000,0x00000000d817a1c0,0x00000000d8180000)
  to   space 5120K, 0% used [0x00000000da200000,0x00000000da200000,0x00000000da700000)
 ParOldGen       total 87552K, used 4954K [0x0000000081400000, 0x0000000086980000, 0x00000000d5c00000)
  object space 87552K, 5% used [0x0000000081400000,0x00000000818d69a8,0x0000000086980000)
 Metaspace       used 20735K, capacity 21170K, committed 21296K, reserved 1067008K
  class space    used 2721K, capacity 2846K, committed 2864K, reserved 1048576K
Event: 1.577 GC heap after
Heap after GC invocations=4 (full 1):
 PSYoungGen      total 38400K, used 0K [0x00000000d5c00000, 0x00000000da700000, 0x0000000100000000)
  eden space 33280K, 0% used [0x00000000d5c00000,0x00000000d5c00000,0x00000000d7c80000)
  from space 5120K, 0% used [0x00000000d7c80000,0x00000000d7c80000,0x00000000d8180000)
  to   space 5120K, 0% used [0x00000000da200000,0x00000000da200000,0x00000000da700000)
 ParOldGen       total 66560K, used 8373K [0x0000000081400000, 0x0000000085500000, 0x00000000d5c00000)
  object space 66560K, 12% used [0x0000000081400000,0x0000000081c2d4b0,0x0000000085500000)
 Metaspace       used 20735K, capacity 21170K, committed 21296K, reserved 1067008K
  class space    used 2721K, capacity 2846K, committed 2864K, reserved 1048576K
}
Event: 2.262 GC heap before
{Heap before GC invocations=5 (full 1):
 PSYoungGen      total 38400K, used 33280K [0x00000000d5c00000, 0x00000000da700000, 0x0000000100000000)
  eden space 33280K, 100% used [0x00000000d5c00000,0x00000000d7c80000,0x00000000d7c80000)
  from space 5120K, 0% used [0x00000000d7c80000,0x00000000d7c80000,0x00000000d8180000)
  to   space 5120K, 0% used [0x00000000da200000,0x00000000da200000,0x00000000da700000)
 ParOldGen       total 66560K, used 8373K [0x0000000081400000, 0x0000000085500000, 0x00000000d5c00000)
  object space 66560K, 12% used [0x0000000081400000,0x0000000081c2d4b0,0x0000000085500000)
 Metaspace       used 26486K, capacity 26850K, committed 27312K, reserved 1073152K
  class space    used 3531K, capacity 3650K, committed 3760K, reserved 1048576K
Event: 2.268 GC heap after
Heap after GC invocations=5 (full 1):
 PSYoungGen      total 50688K, used 5099K [0x00000000d5c00000, 0x00000000da700000, 0x0000000100000000)
  eden space 45568K, 0% used [0x00000000d5c00000,0x00000000d5c00000,0x00000000d8880000)
  from space 5120K, 99% used [0x00000000da200000,0x00000000da6faf78,0x00000000da700000)
  to   space 5120K, 0% used [0x00000000d9d00000,0x00000000d9d00000,0x00000000da200000)
 ParOldGen       total 66560K, used 8636K [0x0000000081400000, 0x0000000085500000, 0x00000000d5c00000)
  object space 66560K, 12% used [0x0000000081400000,0x0000000081c6f078,0x0000000085500000)
 Metaspace       used 26486K, capacity 26850K, committed 27312K, reserved 1073152K
  class space    used 3531K, capacity 3650K, committed 3760K, reserved 1048576K
}
Event: 11.873 GC heap before
{Heap before GC invocations=6 (full 1):
 PSYoungGen      total 50688K, used 42452K [0x00000000d5c00000, 0x00000000da700000, 0x0000000100000000)
  eden space 45568K, 81% used [0x00000000d5c00000,0x00000000d807a440,0x00000000d8880000)
  from space 5120K, 99% used [0x00000000da200000,0x00000000da6faf78,0x00000000da700000)
  to   space 5120K, 0% used [0x00000000d9d00000,0x00000000d9d00000,0x00000000da200000)
 ParOldGen       total 66560K, used 8636K [0x0000000081400000, 0x0000000085500000, 0x00000000d5c00000)
  object space 66560K, 12% used [0x0000000081400000,0x0000000081c6f078,0x0000000085500000)
 Metaspace       used 34746K, capacity 35384K, committed 35496K, reserved 1079296K
  class space    used 4816K, capacity 4977K, committed 5040K, reserved 1048576K
Event: 11.884 GC heap after
Heap after GC invocations=6 (full 1):
 PSYoungGen      total 64512K, used 5108K [0x00000000d5c00000, 0x00000000dab00000, 0x0000000100000000)
  eden space 59392K, 0% used [0x00000000d5c00000,0x00000000d5c00000,0x00000000d9600000)
  from space 5120K, 99% used [0x00000000d9d00000,0x00000000da1fd060,0x00000000da200000)
  to   space 9216K, 0% used [0x00000000da200000,0x00000000da200000,0x00000000dab00000)
 ParOldGen       total 66560K, used 12229K [0x0000000081400000, 0x0000000085500000, 0x00000000d5c00000)
  object space 66560K, 18% used [0x0000000081400000,0x0000000081ff15b8,0x0000000085500000)
 Metaspace       used 34746K, capacity 35384K, committed 35496K, reserved 1079296K
  class space    used 4816K, capacity 4977K, committed 5040K, reserved 1048576K
}
Event: 11.884 GC heap before
{Heap before GC invocations=7 (full 2):
 PSYoungGen      total 64512K, used 5108K [0x00000000d5c00000, 0x00000000dab00000, 0x0000000100000000)
  eden space 59392K, 0% used [0x00000000d5c00000,0x00000000d5c00000,0x00000000d9600000)
  from space 5120K, 99% used [0x00000000d9d00000,0x00000000da1fd060,0x00000000da200000)
  to   space 9216K, 0% used [0x00000000da200000,0x00000000da200000,0x00000000dab00000)
 ParOldGen       total 66560K, used 12229K [0x0000000081400000, 0x0000000085500000, 0x00000000d5c00000)
  object space 66560K, 18% used [0x0000000081400000,0x0000000081ff15b8,0x0000000085500000)
 Metaspace       used 34746K, capacity 35384K, committed 35496K, reserved 1079296K
  class space    used 4816K, capacity 4977K, committed 5040K, reserved 1048576K
Event: 11.952 GC heap after
Heap after GC invocations=7 (full 2):
 PSYoungGen      total 64512K, used 0K [0x00000000d5c00000, 0x00000000dab00000, 0x0000000100000000)
  eden space 59392K, 0% used [0x00000000d5c00000,0x00000000d5c00000,0x00000000d9600000)
  from space 5120K, 0% used [0x00000000d9d00000,0x00000000d9d00000,0x00000000da200000)
  to   space 9216K, 0% used [0x00000000da200000,0x00000000da200000,0x00000000dab00000)
 ParOldGen       total 106496K, used 14959K [0x0000000081400000, 0x0000000087c00000, 0x00000000d5c00000)
  object space 106496K, 14% used [0x0000000081400000,0x000000008229bdd0,0x0000000087c00000)
 Metaspace       used 34746K, capacity 35384K, committed 35496K, reserved 1079296K
  class space    used 4816K, capacity 4977K, committed 5040K, reserved 1048576K
}

Deoptimization events (10 events):
Event: 2.871 Thread 0x0000000019803800 Uncommon trap: reason=class_check action=maybe_recompile pc=0x000000000317fd60 method=java.io.DataInputStream.readShort()S @ 4
Event: 2.883 Thread 0x0000000019803800 Uncommon trap: reason=class_check action=maybe_recompile pc=0x0000000003040f30 method=java.lang.String.equals(Ljava/lang/Object;)Z @ 8
Event: 2.883 Thread 0x0000000019803800 Uncommon trap: reason=class_check action=maybe_recompile pc=0x0000000003040f30 method=java.lang.String.equals(Ljava/lang/Object;)Z @ 8
Event: 2.883 Thread 0x0000000019803800 Uncommon trap: reason=class_check action=maybe_recompile pc=0x0000000003040f30 method=java.lang.String.equals(Ljava/lang/Object;)Z @ 8
Event: 2.951 Thread 0x0000000019803800 Uncommon trap: reason=class_check action=maybe_recompile pc=0x0000000003040f30 method=java.lang.String.equals(Ljava/lang/Object;)Z @ 8
Event: 3.001 Thread 0x0000000019803800 Uncommon trap: reason=unstable_if action=reinterpret pc=0x00000000033c9e44 method=java.lang.ClassLoader.checkName(Ljava/lang/String;)Z @ 20
Event: 3.002 Thread 0x0000000019803800 Uncommon trap: reason=unstable_if action=reinterpret pc=0x00000000032a9dac method=java.lang.ClassLoader.checkName(Ljava/lang/String;)Z @ 20
Event: 10.799 Thread 0x0000000019803800 Uncommon trap: reason=unstable_if action=reinterpret pc=0x00000000030faf80 method=java.lang.CharacterData.of(I)Ljava/lang/CharacterData; @ 4
Event: 11.954 Thread 0x0000000019803800 Uncommon trap: reason=unstable_if action=reinterpret pc=0x00000000033fe688 method=java.lang.String.indexOf([CII[CIII)I @ 27
Event: 11.954 Thread 0x0000000019803800 Uncommon trap: reason=unstable_if action=reinterpret pc=0x0000000003413604 method=java.lang.String.indexOf([CII[CIII)I @ 27

Internal exceptions (10 events):
Event: 0.546 Thread 0x0000000019803800 Exception <a 'java/lang/ArrayIndexOutOfBoundsException'> (0x00000000d6efe6e0) thrown at [C:\re\workspace\8-2-build-windows-amd64-cygwin\jdk8u102\7268\hotspot\src\share\vm\runtime\sharedRuntime.cpp, line 605]
Event: 0.547 Thread 0x0000000019803800 Exception <a 'java/lang/ArrayIndexOutOfBoundsException'> (0x00000000d6eff3e0) thrown at [C:\re\workspace\8-2-build-windows-amd64-cygwin\jdk8u102\7268\hotspot\src\share\vm\runtime\sharedRuntime.cpp, line 605]
Event: 0.547 Thread 0x0000000019803800 Exception <a 'java/lang/ArrayIndexOutOfBoundsException'> (0x00000000d6f00788) thrown at [C:\re\workspace\8-2-build-windows-amd64-cygwin\jdk8u102\7268\hotspot\src\share\vm\runtime\sharedRuntime.cpp, line 605]
Event: 0.678 Thread 0x0000000019803800 Implicit null exception at 0x00000000031612d6 to 0x0000000003161679
Event: 1.854 Thread 0x0000000019803800 Exception <a 'java/lang/ArrayIndexOutOfBoundsException'> (0x00000000d66b9de0) thrown at [C:\re\workspace\8-2-build-windows-amd64-cygwin\jdk8u102\7268\hotspot\src\share\vm\runtime\sharedRuntime.cpp, line 605]
Event: 1.855 Thread 0x0000000019803800 Exception <a 'java/lang/ArrayIndexOutOfBoundsException'> (0x00000000d66bafd0) thrown at [C:\re\workspace\8-2-build-windows-amd64-cygwin\jdk8u102\7268\hotspot\src\share\vm\runtime\sharedRuntime.cpp, line 605]
Event: 1.863 Thread 0x0000000019803800 Exception <a 'java/lang/ArrayIndexOutOfBoundsException'> (0x00000000d670ad38) thrown at [C:\re\workspace\8-2-build-windows-amd64-cygwin\jdk8u102\7268\hotspot\src\share\vm\runtime\sharedRuntime.cpp, line 605]
Event: 1.913 Thread 0x0000000019803800 Exception <a 'java/lang/ArrayIndexOutOfBoundsException': 36> (0x00000000d698e6d8) thrown at [C:\re\workspace\8-2-build-windows-amd64-cygwin\jdk8u102\7268\hotspot\src\share\vm\interpreter\interpreterRuntime.cpp, line 366]
Event: 1.914 Thread 0x0000000019803800 Exception <a 'java/lang/ArrayIndexOutOfBoundsException': 36> (0x00000000d69937d8) thrown at [C:\re\workspace\8-2-build-windows-amd64-cygwin\jdk8u102\7268\hotspot\src\share\vm\interpreter\interpreterRuntime.cpp, line 366]
Event: 2.740 Thread 0x0000000019803800 Implicit null exception at 0x0000000003237235 to 0x0000000003237451

Events (10 events):
Event: 12.043 loading class java/util/concurrent/locks/ReentrantReadWriteLock$ReadLock
Event: 12.043 loading class java/util/concurrent/locks/ReentrantReadWriteLock$ReadLock done
Event: 12.043 loading class java/util/concurrent/locks/ReentrantReadWriteLock$WriteLock
Event: 12.043 loading class java/util/concurrent/locks/ReentrantReadWriteLock$WriteLock done
Event: 12.044 loading class org/hibernate/hql/internal/HolderInstantiator
Event: 12.044 loading class org/hibernate/hql/internal/HolderInstantiator done
Event: 12.045 loading class others/Criptografar
Event: 12.045 loading class others/Criptografar done
Event: 12.046 loading class controllers/TelaInicialController
Event: 12.046 loading class controllers/TelaInicialController done


Dynamic libraries:
0x00007ff754ba0000 - 0x00007ff754bd7000 	C:\Program Files\Java\jre1.8.0_102\bin\javaw.exe
0x00007ff9dc8c0000 - 0x00007ff9dca91000 	C:\WINDOWS\SYSTEM32\ntdll.dll
0x00007ff9dc5a0000 - 0x00007ff9dc64b000 	C:\WINDOWS\System32\KERNEL32.DLL
0x00007ff9d8f70000 - 0x00007ff9d918d000 	C:\WINDOWS\System32\KERNELBASE.dll
0x00007ff9dc060000 - 0x00007ff9dc102000 	C:\WINDOWS\System32\ADVAPI32.dll
0x00007ff9dbc10000 - 0x00007ff9dbcae000 	C:\WINDOWS\System32\msvcrt.dll
0x00007ff9dbf30000 - 0x00007ff9dbf89000 	C:\WINDOWS\System32\sechost.dll
0x00007ff9db810000 - 0x00007ff9db931000 	C:\WINDOWS\System32\RPCRT4.dll
0x00007ff9dc650000 - 0x00007ff9dc7b5000 	C:\WINDOWS\System32\USER32.dll
0x00007ff9d9d80000 - 0x00007ff9d9d9e000 	C:\WINDOWS\System32\win32u.dll
0x00007ff9dbe70000 - 0x00007ff9dbea4000 	C:\WINDOWS\System32\GDI32.dll
0x00007ff9d9a40000 - 0x00007ff9d9bc2000 	C:\WINDOWS\System32\gdi32full.dll
0x00007ff9cf800000 - 0x00007ff9cfa79000 	C:\WINDOWS\WinSxS\amd64_microsoft.windows.common-controls_6595b64144ccf1df_6.0.14393.447_none_42191651c6827bb3\COMCTL32.dll
0x00007ff9db940000 - 0x00007ff9dbc07000 	C:\WINDOWS\System32\combase.dll
0x00007ff9d9bd0000 - 0x00007ff9d9cc5000 	C:\WINDOWS\System32\ucrtbase.dll
0x00007ff9d8f00000 - 0x00007ff9d8f6a000 	C:\WINDOWS\System32\bcryptPrimitives.dll
0x00007ff9db490000 - 0x00007ff9db4be000 	C:\WINDOWS\System32\IMM32.DLL
0x000000005de80000 - 0x000000005df51000 	C:\Program Files\Java\jre1.8.0_102\bin\msvcr100.dll
0x000000005bb90000 - 0x000000005c42a000 	C:\Program Files\Java\jre1.8.0_102\bin\server\jvm.dll
0x00007ff9d9e50000 - 0x00007ff9d9e58000 	C:\WINDOWS\System32\PSAPI.DLL
0x00007ff9d71b0000 - 0x00007ff9d71d3000 	C:\WINDOWS\SYSTEM32\WINMM.dll
0x00007ff9d5170000 - 0x00007ff9d5179000 	C:\WINDOWS\SYSTEM32\WSOCK32.dll
0x00007ff9db660000 - 0x00007ff9db6ca000 	C:\WINDOWS\System32\WS2_32.dll
0x00007ff9d2a30000 - 0x00007ff9d2a3a000 	C:\WINDOWS\SYSTEM32\VERSION.dll
0x00007ff9d7180000 - 0x00007ff9d71ab000 	C:\WINDOWS\SYSTEM32\WINMMBASE.dll
0x00007ff9d8e10000 - 0x00007ff9d8e52000 	C:\WINDOWS\System32\cfgmgr32.dll
0x000000005e020000 - 0x000000005e02f000 	C:\Program Files\Java\jre1.8.0_102\bin\verify.dll
0x000000005dff0000 - 0x000000005e019000 	C:\Program Files\Java\jre1.8.0_102\bin\java.dll
0x000000005dfd0000 - 0x000000005dfe6000 	C:\Program Files\Java\jre1.8.0_102\bin\zip.dll
0x00007ff9d9ee0000 - 0x00007ff9db3e9000 	C:\WINDOWS\System32\SHELL32.dll
0x00007ff9d9360000 - 0x00007ff9d9a3a000 	C:\WINDOWS\System32\windows.storage.dll
0x00007ff9d8d50000 - 0x00007ff9d8d9c000 	C:\WINDOWS\System32\powrprof.dll
0x00007ff9dc540000 - 0x00007ff9dc592000 	C:\WINDOWS\System32\shlwapi.dll
0x00007ff9d8da0000 - 0x00007ff9d8daf000 	C:\WINDOWS\System32\kernel.appcore.dll
0x00007ff9d9cd0000 - 0x00007ff9d9d79000 	C:\WINDOWS\System32\shcore.dll
0x00007ff9d8d30000 - 0x00007ff9d8d44000 	C:\WINDOWS\System32\profapi.dll
0x00007ff9b6440000 - 0x00007ff9b652f000 	C:\Program Files\Java\jre1.8.0_102\bin\msvcr120.dll
0x00007ff9b58a0000 - 0x00007ff9b5946000 	C:\Program Files\Java\jre1.8.0_102\bin\msvcp120.dll
0x000000005de50000 - 0x000000005de72000 	C:\Program Files\Java\jre1.8.0_102\bin\prism_d3d.dll
0x00007ff9b0660000 - 0x00007ff9b07ed000 	C:\WINDOWS\system32\d3d9.dll
0x00007ff9d70c0000 - 0x00007ff9d70e6000 	C:\WINDOWS\SYSTEM32\dwmapi.dll
0x00007ff9d7510000 - 0x00007ff9d75a5000 	C:\WINDOWS\system32\uxtheme.dll
0x00007ff99d820000 - 0x00007ff99fb07000 	C:\WINDOWS\SYSTEM32\igdumdim64.dll
0x00007ff9dc110000 - 0x00007ff9dc539000 	C:\WINDOWS\System32\SETUPAPI.dll
0x00007ff9dbfa0000 - 0x00007ff9dc05f000 	C:\WINDOWS\System32\OLEAUT32.dll
0x00007ff9d8e60000 - 0x00007ff9d8efc000 	C:\WINDOWS\System32\msvcp_win.dll
0x00007ff9db6d0000 - 0x00007ff9db807000 	C:\WINDOWS\System32\ole32.dll
0x000000005cb40000 - 0x000000005cb83000 	C:\Program Files\Java\jre1.8.0_102\bin\glass.dll
0x00007ff9dc7c0000 - 0x00007ff9dc8ba000 	C:\WINDOWS\System32\COMDLG32.dll
0x00007ff9dbcb0000 - 0x00007ff9dbe0b000 	C:\WINDOWS\System32\MSCTF.dll
0x00007ff9ce060000 - 0x00007ff9ce0f8000 	C:\Program Files\Common Files\microsoft shared\ink\tiptsf.dll
0x00007ff9b1e10000 - 0x00007ff9b2813000 	C:\WINDOWS\SYSTEM32\igdusc64.dll
0x000000005de30000 - 0x000000005de44000 	C:\Program Files\Java\jre1.8.0_102\bin\javafx_font.dll
0x00007ff9b8bd0000 - 0x00007ff9b8e39000 	C:\WINDOWS\SYSTEM32\dwrite.dll
0x000000005dfb0000 - 0x000000005dfca000 	C:\Program Files\Java\jre1.8.0_102\bin\net.dll
0x00007ff9d8520000 - 0x00007ff9d857c000 	C:\WINDOWS\system32\mswsock.dll
0x00007ff9d8300000 - 0x00007ff9d83a0000 	C:\WINDOWS\SYSTEM32\DNSAPI.dll
0x00007ff9d9e60000 - 0x00007ff9d9e68000 	C:\WINDOWS\System32\NSI.dll
0x00007ff9d82b0000 - 0x00007ff9d82e8000 	C:\WINDOWS\SYSTEM32\IPHLPAPI.DLL
0x00007ff9c9b20000 - 0x00007ff9c9b2a000 	C:\Windows\System32\rasadhlp.dll
0x00007ff9d0110000 - 0x00007ff9d017a000 	C:\WINDOWS\System32\fwpuclnt.dll
0x00007ff9d8c60000 - 0x00007ff9d8c8b000 	C:\WINDOWS\SYSTEM32\bcrypt.dll
0x00007ff9d8790000 - 0x00007ff9d87a7000 	C:\WINDOWS\SYSTEM32\CRYPTSP.dll
0x00007ff9d86a0000 - 0x00007ff9d86d3000 	C:\WINDOWS\system32\rsaenh.dll
0x00007ff9d83b0000 - 0x00007ff9d83cf000 	C:\WINDOWS\SYSTEM32\USERENV.dll
0x00007ff9d87b0000 - 0x00007ff9d87bb000 	C:\WINDOWS\SYSTEM32\CRYPTBASE.dll
0x00007ff9cff30000 - 0x00007ff9cff46000 	C:\WINDOWS\SYSTEM32\dhcpcsvc6.DLL
0x00007ff9cff10000 - 0x00007ff9cff2a000 	C:\WINDOWS\SYSTEM32\dhcpcsvc.DLL
0x000000005df90000 - 0x000000005dfa1000 	C:\Program Files\Java\jre1.8.0_102\bin\nio.dll
0x00007ff9db3f0000 - 0x00007ff9db48f000 	C:\WINDOWS\System32\clbcatq.dll
0x00007ff9d5a60000 - 0x00007ff9d5c08000 	C:\WINDOWS\SYSTEM32\WindowsCodecs.dll
0x00007ff9cc200000 - 0x00007ff9cc249000 	C:\WINDOWS\system32\dataexchange.dll
0x00007ff9d5c10000 - 0x00007ff9d5d61000 	C:\WINDOWS\system32\dcomp.dll
0x00007ff9d43e0000 - 0x00007ff9d4696000 	C:\WINDOWS\system32\d3d11.dll
0x00007ff9d7c50000 - 0x00007ff9d7cef000 	C:\WINDOWS\system32\dxgi.dll
0x00007ff9d7750000 - 0x00007ff9d786c000 	C:\WINDOWS\system32\twinapi.appcore.dll
0x00007ff9c5290000 - 0x00007ff9c52c2000 	C:\Program Files\Common Files\Microsoft Shared\Ink\rtscom.dll
0x00007ff9cd7f0000 - 0x00007ff9cd99b000 	C:\Windows\System32\uiautomationcore.dll
0x00007ff9d8bc0000 - 0x00007ff9d8c58000 	C:\WINDOWS\SYSTEM32\sxs.dll
0x00007ff9ce990000 - 0x00007ff9ce9f5000 	C:\WINDOWS\SYSTEM32\OLEACC.dll
0x000000005de10000 - 0x000000005de21000 	C:\Program Files\Java\jre1.8.0_102\bin\prism_common.dll

VM Arguments:
jvm_args: -Dfile.encoding=Cp1252 
java_command: app.App
java_class_path (initial): C:\Users\Ruan\workspace\TaskFacil\bin;C:\Users\Ruan\.p2\pool\plugins\org.eclipse.fx.ide.css.jfx8_2.4.0.201605112122.jar;C:\Users\Ruan\Desktop\mysql-connector-java-5.1.39-bin.jar;C:\Users\Ruan\Desktop\Hibernate\lib\antlr-2.7.7.jar;C:\Users\Ruan\Desktop\Hibernate\lib\mchange-commons-java-0.2.3.4.jar;C:\Users\Ruan\Desktop\Hibernate\lib\c3p0-0.9.2.1.jar;C:\Users\Ruan\Desktop\Hibernate\lib\cdi-api-1.1.jar;C:\Users\Ruan\Desktop\Hibernate\lib\classmate-1.3.0.jar;C:\Users\Ruan\Desktop\Hibernate\lib\dom4j-1.6.1.jar;C:\Users\Ruan\Desktop\Hibernate\lib\ehcache-2.10.3.jar;C:\Users\Ruan\Desktop\Hibernate\lib\el-api-2.2.jar;C:\Users\Ruan\Desktop\Hibernate\lib\geolatte-geom-1.0.6.jar;C:\Users\Ruan\Desktop\Hibernate\lib\geronimo-jta_1.1_spec-1.1.1.jar;C:\Users\Ruan\Desktop\Hibernate\lib\guava-18.0.jar;C:\Users\Ruan\Desktop\Hibernate\lib\hibernate-c3p0-5.2.4.Final.jar;C:\Users\Ruan\Desktop\Hibernate\lib\hibernate-commons-annotations-5.0.1.Final.jar;C:\Users\Ruan\Desktop\Hibernate\lib\hibernate-core-5.2.4.Final.jar;C:\Users\Ruan\Desktop\Hibernate\lib\hibernate-ehcache-5.2.4.Final.jar;C:\Users\Ruan\Desktop\Hibernate\lib\hibernate-envers-5.2.4.Final.jar;C:\Users\Ruan\Desktop\Hibernate\lib\hibernate-infinispan-5.2.4.Final.jar;C:\Users\Ruan\Desktop\Hibernate\lib\hibernate-infinispan-5.2.4.Final-tests.jar;C:\Users\Ruan\Desktop\Hibernate\lib\hibernate-jpa-2.1-api-1.0.0.Final.jar;C:\Users\Ruan\Desktop\Hibernate\lib\hibernate-jpamodelgen-5.2.4.Final.jar;C:\Users\Ruan\Desktop\Hibernate\lib\hibernate-osgi-5.2.4.Final.jar;C:\Users\Ruan\Desktop\Hibernate\lib\hibernate-proxool-5.2.4.Final.jar;C:\Users\Ruan\Desktop\Hibernate\lib\hibernate-spatial-5.2.4.Final.jar;C:\Users\Ruan\Desktop\Hibernate\lib\infinispan-commons-8.2.3.Final.jar;C:\Users\Ruan\Desktop\Hibernate\lib\infinispan-core-8.2.3.Final.jar;C:\Users\Ruan\Desktop\Hibernate\lib\jandex-2.0.0.Final.jar;C:\Users\Ruan\Desktop\Hibernate\lib\javassist-3.20.0-GA.jar;C:\Users\Ruan\Desktop\Hibernate\lib\javax.inject-1.jar
Launcher Type: SUN_STANDARD

Environment Variables:
JAVA_HOME=C:\Program Files\Java\jdk1.8.0_102
PATH=C:/Program Files/Java/jre1.8.0_102/bin/server;C:/Program Files/Java/jre1.8.0_102/bin;C:/Program Files/Java/jre1.8.0_102/lib/amd64;C:\ProgramData\Oracle\Java\javapath;C:\Program Files (x86)\Intel\iCLS Client\;C:\Program Files\Intel\iCLS Client\;C:\WINDOWS\system32;C:\WINDOWS;C:\WINDOWS\System32\Wbem;C:\WINDOWS\System32\WindowsPowerShell\v1.0\;C:\Program Files (x86)\Intel\Intel(R) Management Engine Components\DAL;C:\Program Files\Intel\Intel(R) Management Engine Components\DAL;C:\Program Files (x86)\Intel\Intel(R) Management Engine Components\IPT;C:\Program Files\Intel\Intel(R) Management Engine Components\IPT;C:\Program Files\Intel\WiFi\bin\;C:\Program Files\Common Files\Intel\WirelessCommon\;C:\WINDOWS\system32\config\systemprofile\.dnx\bin;C:\Program Files\Microsoft DNX\Dnvm\;C:\Program Files\Microsoft SQL Server\120\Tools\Binn\;C:\Program Files\Microsoft SQL Server\130\Tools\Binn\;C:\Program Files (x86)\Windows Kits\10\Windows Performance Toolkit\;C:\Program Files (x86)\nodejs\;C:\Program Files\Microsoft SQL Server\120\DTS\Binn\;C:\Program Files\Microsoft SQL Server\Client SDK\ODBC\110\Tools\Binn\;C:\Program Files (x86)\Microsoft SQL Server\120\Tools\Binn\;C:\Program Files (x86)\Microsoft SQL Server\120\Tools\Binn\ManagementStudio\;C:\Program Files (x86)\Microsoft SQL Server\120\DTS\Binn\;C:\Program Files (x86)\Skype\Phone\;C:\Program Files\Git\cmd;C:\Users\Ruan\AppData\Roaming\npm;%USERPROFILE%\AppData\Local\Microsoft\WindowsApps;;C:\WINDOWS\System32;
USERNAME=Ruan
OS=Windows_NT
PROCESSOR_IDENTIFIER=Intel64 Family 6 Model 61 Stepping 4, GenuineIntel



---------------  S Y S T E M  ---------------

OS: Windows 10.0 , 64 bit Build 14393 (10.0.14393.0)

CPU:total 4 (2 cores per cpu, 2 threads per core) family 6 model 61 stepping 4, cmov, cx8, fxsr, mmx, sse, sse2, sse3, ssse3, sse4.1, sse4.2, popcnt, avx, avx2, aes, clmul, erms, 3dnowpref, lzcnt, ht, tsc, tscinvbit, bmi1, bmi2, adx

Memory: 4k page, physical 8301904k(2741524k free), swap 8301904k(5136k free)

vm_info: Java HotSpot(TM) 64-Bit Server VM (25.102-b14) for windows-amd64 JRE (1.8.0_102-b14), built on Jun 22 2016 13:15:21 by "java_re" with MS VC++ 10.0 (VS2010)

time: Thu Nov 24 00:15:20 2016
elapsed time: 12 seconds (0d 0h 0m 12s)

