This is pdfTeX, Version 3.14159265-2.6-1.40.18 (MiKTeX 2.9.6350 64-bit) (preloaded format=latex 2017.11.3)  3 NOV 2017 08:28
entering extended mode
**./abnt-alf.bst
(abnt-alf.bst
LaTeX2e <2017-04-15>
Babel <3.10> and hyphenation patterns for 75 language(s) loaded.

! LaTeX Error: Missing \begin{document}.

See the LaTeX manual or LaTeX Companion for explanation.
Type  H <return>  for immediate help.
 ...                                              
                                                  
l.59 E
      NTRY
? 
! Emergency stop.
 ...                                              
                                                  
l.59 E
      NTRY
You're in trouble here.  Try typing  <return>  to proceed.
If that doesn't work, type  X <return>  to quit.

 
Here is how much of TeX's memory you used:
 8 strings out of 493324
 229 string characters out of 3139095
 53645 words of memory out of 3000000
 3645 multiletter control sequences out of 15000+200000
 3640 words of font info for 14 fonts, out of 3000000 for 9000
 1141 hyphenation exceptions out of 8191
 6i,0n,4p,226b,14s stack positions out of 5000i,500n,10000p,200000b,50000s
No pages of output.
