This is pdfTeX, Version 3.14159265-2.6-1.40.18 (MiKTeX 2.9.6350 64-bit) (preloaded format=latex 2017.11.3)  3 NOV 2017 08:22
entering extended mode
**./abntbibifspcampinas.cls
(abntbibifspcampinas.cls
LaTeX2e <2017-04-15>
Babel <3.10> and hyphenation patterns for 75 language(s) loaded.

LaTeX Warning: You have requested package `',
               but the package provides `abntbibifspcampinas'.

Package: abntbibifspcampinas 2017/10/30 v 1.0
("C:\Program Files\MiKTeX 2.9\tex\latex\base\ifthen.sty"
Package: ifthen 2014/09/29 v1.1c Standard LaTeX ifthen package (DPC)
)

! LaTeX Error: File `memoir.cls' not found.

Type X to quit or <RETURN> to proceed,
or enter new name. (Default extension: cls)

Enter file name: 
! Emergency stop.
<read *> 
         
l.48 
      
End of file on the terminal!

 
Here is how much of TeX's memory you used:
 67 strings out of 493324
 782 string characters out of 3139095
 53645 words of memory out of 3000000
 3700 multiletter control sequences out of 15000+200000
 3640 words of font info for 14 fonts, out of 3000000 for 9000
 1141 hyphenation exceptions out of 8191
 12i,0n,15p,108b,10s stack positions out of 5000i,500n,10000p,200000b,50000s
No pages of output.
