#
# There is insufficient memory for the Java Runtime Environment to continue.
# Native memory allocation (malloc) failed to allocate 691696 bytes for Chunk::new
# Possible reasons:
#   The system is out of physical RAM or swap space
#   In 32 bit mode, the process size limit was hit
# Possible solutions:
#   Reduce memory load on the system
#   Increase physical memory or swap space
#   Check if swap backing store is full
#   Use 64 bit Java on a 64 bit OS
#   Decrease Java heap size (-Xmx/-Xms)
#   Decrease number of Java threads
#   Decrease Java thread stack sizes (-Xss)
#   Set larger code cache with -XX:ReservedCodeCacheSize=
# This output file may be truncated or incomplete.
#
#  Out of Memory Error (allocation.cpp:390), pid=5276, tid=0x0000000000002844
#
# JRE version: Java(TM) SE Runtime Environment (8.0_102-b14) (build 1.8.0_102-b14)
# Java VM: Java HotSpot(TM) 64-Bit Server VM (25.102-b14 mixed mode windows-amd64 compressed oops)
# Failed to write core dump. Minidumps are not enabled by default on client versions of Windows
#

---------------  T H R E A D  ---------------

Current thread (0x00000000176fe000):  JavaThread "C2 CompilerThread0" daemon [_thread_in_native, id=10308, stack(0x0000000018d80000,0x0000000018e80000)]

Stack: [0x0000000018d80000,0x0000000018e80000]
[error occurred during error reporting (printing stack bounds), id 0xc0000005]

Native frames: (J=compiled Java code, j=interpreted, Vv=VM code, C=native code)


Current CompileTask:
C2:  16677 2462       4       java.net.URLClassLoader$1::run (5 bytes)


---------------  P R O C E S S  ---------------

Java Threads: ( => current thread )
  0x0000000022d22800 JavaThread "Prism Font Disposer" daemon [_thread_blocked, id=1272, stack(0x0000000024010000,0x0000000024110000)]
  0x0000000020c04000 JavaThread "pool-2-thread-1" [_thread_blocked, id=11620, stack(0x0000000021e20000,0x0000000021f20000)]
  0x0000000020914800 JavaThread "Abandoned connection cleanup thread" daemon [_thread_blocked, id=8368, stack(0x0000000021b20000,0x0000000021c20000)]
  0x0000000019b19800 JavaThread "Thread-3" daemon [_thread_blocked, id=9328, stack(0x000000001ec80000,0x000000001ed80000)]
  0x0000000019aa6000 JavaThread "JavaFX-Launcher" [_thread_blocked, id=6636, stack(0x000000001ed80000,0x000000001ee80000)]
  0x0000000019a80800 JavaThread "JavaFX Application Thread" [_thread_blocked, id=13188, stack(0x000000001a5e0000,0x000000001a6e0000)]
  0x0000000019a9f800 JavaThread "Thread-1" daemon [_thread_blocked, id=10644, stack(0x000000001a4e0000,0x000000001a5e0000)]
  0x000000001944f000 JavaThread "QuantumRenderer-0" daemon [_thread_blocked, id=11124, stack(0x000000001a270000,0x000000001a370000)]
  0x00000000190c5800 JavaThread "Service Thread" daemon [_thread_blocked, id=4780, stack(0x0000000019480000,0x0000000019580000)]
  0x000000001772c000 JavaThread "C1 CompilerThread2" daemon [_thread_blocked, id=2296, stack(0x0000000018f80000,0x0000000019080000)]
  0x0000000017709000 JavaThread "C2 CompilerThread1" daemon [_thread_blocked, id=4704, stack(0x0000000018e80000,0x0000000018f80000)]
=>0x00000000176fe000 JavaThread "C2 CompilerThread0" daemon [_thread_in_native, id=10308, stack(0x0000000018d80000,0x0000000018e80000)]
  0x00000000176fb800 JavaThread "Attach Listener" daemon [_thread_blocked, id=2620, stack(0x0000000018c80000,0x0000000018d80000)]
  0x0000000017707000 JavaThread "Signal Dispatcher" daemon [_thread_blocked, id=1020, stack(0x0000000018b80000,0x0000000018c80000)]
  0x00000000176ea800 JavaThread "Finalizer" daemon [_thread_blocked, id=4500, stack(0x0000000018970000,0x0000000018a70000)]
  0x00000000176c9000 JavaThread "Reference Handler" daemon [_thread_blocked, id=6056, stack(0x0000000018870000,0x0000000018970000)]
  0x0000000002a62800 JavaThread "main" [_thread_blocked, id=10720, stack(0x0000000002960000,0x0000000002a60000)]

Other Threads:
  0x00000000176c7800 VMThread [stack: 0x0000000018770000,0x0000000018870000] [id=3764]
  0x00000000190c9000 WatcherThread [stack: 0x0000000019970000,0x0000000019a70000] [id=11224]

VM state:at safepoint (normal execution)

VM Mutex/Monitor currently owned by a thread:  ([mutex/lock_event])
[0x0000000000d3e870] Threads_lock - owner thread: 0x00000000176c7800
[0x0000000000d3e5f0] Heap_lock - owner thread: 0x0000000019a80800

Heap:
 PSYoungGen      total 63488K, used 0K [0x00000000d5c00000, 0x00000000dac00000, 0x0000000100000000)
  eden space 58368K, 0% used [0x00000000d5c00000,0x00000000d5c00000,0x00000000d9500000)
  from space 5120K, 0% used [0x00000000d9d00000,0x00000000d9d00000,0x00000000da200000)
  to   space 10240K, 0% used [0x00000000da200000,0x00000000da200000,0x00000000dac00000)
 ParOldGen       total 108032K, used 12827K [0x0000000081400000, 0x0000000087d80000, 0x00000000d5c00000)
  object space 108032K, 11% used [0x0000000081400000,0x0000000082086c70,0x0000000087d80000)
 Metaspace       used 35227K, capacity 35912K, committed 36056K, reserved 1087488K
  class space    used 4864K, capacity 5063K, committed 5120K, reserved 1048576K

Card table byte_map: [0x0000000011f20000,0x0000000012320000] byte_map_base: 0x0000000011b16000

Marking Bits: (ParMarkBitMap*) 0x000000005c3aa6c0
 Begin Bits: [0x00000000129d0000, 0x0000000014980000)
 End Bits:   [0x0000000014980000, 0x0000000016930000)

Polling page: 0x0000000002920000

CodeCache: size=245760Kb used=7800Kb max_used=7800Kb free=237959Kb
 bounds [0x0000000002b60000, 0x0000000003310000, 0x0000000011b60000]
 total_blobs=3303 nmethods=2490 adapters=725
 compilation: enabled

Compilation events (10 events):
Event: 16.525 Thread 0x000000001772c000 2492       3       java.util.StringTokenizer::nextToken (92 bytes)
Event: 16.526 Thread 0x000000001772c000 nmethod 2492 0x00000000032fb7d0 code [0x00000000032fb980, 0x00000000032fbdb8]
Event: 16.526 Thread 0x000000001772c000 2493       3       java.util.StringTokenizer::hasMoreTokens (29 bytes)
Event: 16.526 Thread 0x000000001772c000 nmethod 2493 0x00000000032fbf50 code [0x00000000032fc0c0, 0x00000000032fc2c8]
Event: 16.544 Thread 0x000000001772c000 2494       3       com.mysql.jdbc.MysqlIO::readFully (91 bytes)
Event: 16.545 Thread 0x000000001772c000 nmethod 2494 0x00000000032fc350 code [0x00000000032fc600, 0x00000000032fd998]
Event: 16.545 Thread 0x000000001772c000 2495  s    3       com.mysql.jdbc.util.ReadAheadInputStream::read (105 bytes)
Event: 16.546 Thread 0x000000001772c000 nmethod 2495 0x00000000032fe850 code [0x00000000032fea20, 0x00000000032ff2d8]
Event: 16.563 Thread 0x000000001772c000 2496       3       java.util.logging.LogManager$LoggerContext::processParentHandlers (122 bytes)
Event: 16.564 Thread 0x000000001772c000 nmethod 2496 0x00000000032ffbd0 code [0x00000000032ffea0, 0x0000000003301498]

GC Heap History (10 events):
Event: 1.625 GC heap after
Heap after GC invocations=4 (full 1):
 PSYoungGen      total 38400K, used 0K [0x00000000d5c00000, 0x00000000da700000, 0x0000000100000000)
  eden space 33280K, 0% used [0x00000000d5c00000,0x00000000d5c00000,0x00000000d7c80000)
  from space 5120K, 0% used [0x00000000d7c80000,0x00000000d7c80000,0x00000000d8180000)
  to   space 5120K, 0% used [0x00000000da200000,0x00000000da200000,0x00000000da700000)
 ParOldGen       total 67072K, used 8339K [0x0000000081400000, 0x0000000085580000, 0x00000000d5c00000)
  object space 67072K, 12% used [0x0000000081400000,0x0000000081c24c10,0x0000000085580000)
 Metaspace       used 20704K, capacity 21086K, committed 21248K, reserved 1067008K
  class space    used 2716K, capacity 2814K, committed 2816K, reserved 1048576K
}
Event: 2.347 GC heap before
{Heap before GC invocations=5 (full 1):
 PSYoungGen      total 38400K, used 33280K [0x00000000d5c00000, 0x00000000da700000, 0x0000000100000000)
  eden space 33280K, 100% used [0x00000000d5c00000,0x00000000d7c80000,0x00000000d7c80000)
  from space 5120K, 0% used [0x00000000d7c80000,0x00000000d7c80000,0x00000000d8180000)
  to   space 5120K, 0% used [0x00000000da200000,0x00000000da200000,0x00000000da700000)
 ParOldGen       total 67072K, used 8339K [0x0000000081400000, 0x0000000085580000, 0x00000000d5c00000)
  object space 67072K, 12% used [0x0000000081400000,0x0000000081c24c10,0x0000000085580000)
 Metaspace       used 26432K, capacity 26862K, committed 27264K, reserved 1073152K
  class space    used 3522K, capacity 3650K, committed 3712K, reserved 1048576K
Event: 2.352 GC heap after
Heap after GC invocations=5 (full 1):
 PSYoungGen      total 50176K, used 5103K [0x00000000d5c00000, 0x00000000da700000, 0x0000000100000000)
  eden space 45056K, 0% used [0x00000000d5c00000,0x00000000d5c00000,0x00000000d8800000)
  from space 5120K, 99% used [0x00000000da200000,0x00000000da6fbf98,0x00000000da700000)
  to   space 5120K, 0% used [0x00000000d9d00000,0x00000000d9d00000,0x00000000da200000)
 ParOldGen       total 67072K, used 8522K [0x0000000081400000, 0x0000000085580000, 0x00000000d5c00000)
  object space 67072K, 12% used [0x0000000081400000,0x0000000081c52860,0x0000000085580000)
 Metaspace       used 26432K, capacity 26862K, committed 27264K, reserved 1073152K
  class space    used 3522K, capacity 3650K, committed 3712K, reserved 1048576K
}
Event: 16.401 GC heap before
{Heap before GC invocations=6 (full 1):
 PSYoungGen      total 50176K, used 42271K [0x00000000d5c00000, 0x00000000da700000, 0x0000000100000000)
  eden space 45056K, 82% used [0x00000000d5c00000,0x00000000d804bf10,0x00000000d8800000)
  from space 5120K, 99% used [0x00000000da200000,0x00000000da6fbf98,0x00000000da700000)
  to   space 5120K, 0% used [0x00000000d9d00000,0x00000000d9d00000,0x00000000da200000)
 ParOldGen       total 67072K, used 8522K [0x0000000081400000, 0x0000000085580000, 0x00000000d5c00000)
  object space 67072K, 12% used [0x0000000081400000,0x0000000081c52860,0x0000000085580000)
 Metaspace       used 34609K, capacity 35272K, committed 35416K, reserved 1079296K
  class space    used 4786K, capacity 4935K, committed 4992K, reserved 1048576K
Event: 16.409 GC heap after
Heap after GC invocations=6 (full 1):
 PSYoungGen      total 63488K, used 5096K [0x00000000d5c00000, 0x00000000dac00000, 0x0000000100000000)
  eden space 58368K, 0% used [0x00000000d5c00000,0x00000000d5c00000,0x00000000d9500000)
  from space 5120K, 99% used [0x00000000d9d00000,0x00000000da1fa098,0x00000000da200000)
  to   space 10240K, 0% used [0x00000000da200000,0x00000000da200000,0x00000000dac00000)
 ParOldGen       total 67072K, used 14050K [0x0000000081400000, 0x0000000085580000, 0x00000000d5c00000)
  object space 67072K, 20% used [0x0000000081400000,0x00000000821b88e0,0x0000000085580000)
 Metaspace       used 34609K, capacity 35272K, committed 35416K, reserved 1079296K
  class space    used 4786K, capacity 4935K, committed 4992K, reserved 1048576K
}
Event: 16.409 GC heap before
{Heap before GC invocations=7 (full 2):
 PSYoungGen      total 63488K, used 5096K [0x00000000d5c00000, 0x00000000dac00000, 0x0000000100000000)
  eden space 58368K, 0% used [0x00000000d5c00000,0x00000000d5c00000,0x00000000d9500000)
  from space 5120K, 99% used [0x00000000d9d00000,0x00000000da1fa098,0x00000000da200000)
  to   space 10240K, 0% used [0x00000000da200000,0x00000000da200000,0x00000000dac00000)
 ParOldGen       total 67072K, used 14050K [0x0000000081400000, 0x0000000085580000, 0x00000000d5c00000)
  object space 67072K, 20% used [0x0000000081400000,0x00000000821b88e0,0x0000000085580000)
 Metaspace       used 34609K, capacity 35272K, committed 35416K, reserved 1079296K
  class space    used 4786K, capacity 4935K, committed 4992K, reserved 1048576K
Event: 16.463 GC heap after
Heap after GC invocations=7 (full 2):
 PSYoungGen      total 63488K, used 0K [0x00000000d5c00000, 0x00000000dac00000, 0x0000000100000000)
  eden space 58368K, 0% used [0x00000000d5c00000,0x00000000d5c00000,0x00000000d9500000)
  from space 5120K, 0% used [0x00000000d9d00000,0x00000000d9d00000,0x00000000da200000)
  to   space 10240K, 0% used [0x00000000da200000,0x00000000da200000,0x00000000dac00000)
 ParOldGen       total 108032K, used 14795K [0x0000000081400000, 0x0000000087d80000, 0x00000000d5c00000)
  object space 108032K, 13% used [0x0000000081400000,0x0000000082272d88,0x0000000087d80000)
 Metaspace       used 34609K, capacity 35272K, committed 35416K, reserved 1079296K
  class space    used 4786K, capacity 4935K, committed 4992K, reserved 1048576K
}
Event: 16.575 GC heap before
{Heap before GC invocations=8 (full 2):
 PSYoungGen      total 63488K, used 4355K [0x00000000d5c00000, 0x00000000dac00000, 0x0000000100000000)
  eden space 58368K, 7% used [0x00000000d5c00000,0x00000000d6040dd0,0x00000000d9500000)
  from space 5120K, 0% used [0x00000000d9d00000,0x00000000d9d00000,0x00000000da200000)
  to   space 10240K, 0% used [0x00000000da200000,0x00000000da200000,0x00000000dac00000)
 ParOldGen       total 108032K, used 14795K [0x0000000081400000, 0x0000000087d80000, 0x00000000d5c00000)
  object space 108032K, 13% used [0x0000000081400000,0x0000000082272d88,0x0000000087d80000)
 Metaspace       used 35227K, capacity 35912K, committed 36056K, reserved 1085440K
  class space    used 4864K, capacity 5063K, committed 5120K, reserved 1048576K
Event: 16.579 GC heap after
Heap after GC invocations=8 (full 2):
 PSYoungGen      total 68608K, used 744K [0x00000000d5c00000, 0x00000000dac00000, 0x0000000100000000)
  eden space 58368K, 0% used [0x00000000d5c00000,0x00000000d5c00000,0x00000000d9500000)
  from space 10240K, 7% used [0x00000000da200000,0x00000000da2ba330,0x00000000dac00000)
  to   space 5120K, 0% used [0x00000000d9d00000,0x00000000d9d00000,0x00000000da200000)
 ParOldGen       total 108032K, used 14795K [0x0000000081400000, 0x0000000087d80000, 0x00000000d5c00000)
  object space 108032K, 13% used [0x0000000081400000,0x0000000082272d88,0x0000000087d80000)
 Metaspace       used 35227K, capacity 35912K, committed 36056K, reserved 1085440K
  class space    used 4864K, capacity 5063K, committed 5120K, reserved 1048576K
}
Event: 16.579 GC heap before
{Heap before GC invocations=9 (full 3):
 PSYoungGen      total 68608K, used 744K [0x00000000d5c00000, 0x00000000dac00000, 0x0000000100000000)
  eden space 58368K, 0% used [0x00000000d5c00000,0x00000000d5c00000,0x00000000d9500000)
  from space 10240K, 7% used [0x00000000da200000,0x00000000da2ba330,0x00000000dac00000)
  to   space 5120K, 0% used [0x00000000d9d00000,0x00000000d9d00000,0x00000000da200000)
 ParOldGen       total 108032K, used 14795K [0x0000000081400000, 0x0000000087d80000, 0x00000000d5c00000)
  object space 108032K, 13% used [0x0000000081400000,0x0000000082272d88,0x0000000087d80000)
 Metaspace       used 35227K, capacity 35912K, committed 36056K, reserved 1085440K
  class space    used 4864K, capacity 5063K, committed 5120K, reserved 1048576K

Deoptimization events (10 events):
Event: 2.958 Thread 0x0000000019a80800 Uncommon trap: reason=class_check action=maybe_recompile pc=0x0000000002c7f6f0 method=java.lang.String.equals(Ljava/lang/Object;)Z @ 8
Event: 2.958 Thread 0x0000000019a80800 Uncommon trap: reason=class_check action=maybe_recompile pc=0x0000000002c7f6f0 method=java.lang.String.equals(Ljava/lang/Object;)Z @ 8
Event: 2.958 Thread 0x0000000019a80800 Uncommon trap: reason=class_check action=maybe_recompile pc=0x0000000002c7f6f0 method=java.lang.String.equals(Ljava/lang/Object;)Z @ 8
Event: 3.049 Thread 0x0000000019a80800 Uncommon trap: reason=class_check action=maybe_recompile pc=0x0000000002c7f6f0 method=java.lang.String.equals(Ljava/lang/Object;)Z @ 8
Event: 3.110 Thread 0x0000000019a80800 Uncommon trap: reason=unstable_if action=reinterpret pc=0x000000000301afcc method=java.lang.ClassLoader.checkName(Ljava/lang/String;)Z @ 20
Event: 3.110 Thread 0x0000000019a80800 Uncommon trap: reason=unstable_if action=reinterpret pc=0x0000000002ef64ac method=java.lang.ClassLoader.checkName(Ljava/lang/String;)Z @ 20
Event: 3.320 Thread 0x0000000019a80800 Uncommon trap: reason=unstable_if action=reinterpret pc=0x000000000301fb28 method=jdk.internal.org.objectweb.asm.Type.getArgumentsAndReturnSizes(Ljava/lang/String;)I @ 47
Event: 14.708 Thread 0x0000000019a80800 Uncommon trap: reason=unstable_if action=reinterpret pc=0x0000000002d40c00 method=java.lang.CharacterData.of(I)Ljava/lang/CharacterData; @ 4
Event: 16.490 Thread 0x0000000019a80800 Uncommon trap: reason=unstable_if action=reinterpret pc=0x0000000002fcb848 method=java.lang.String.indexOf([CII[CIII)I @ 27
Event: 16.490 Thread 0x0000000019a80800 Uncommon trap: reason=unstable_if action=reinterpret pc=0x0000000002e35a44 method=java.lang.String.indexOf([CII[CIII)I @ 27

Internal exceptions (10 events):
Event: 0.571 Thread 0x0000000019a80800 Exception <a 'java/lang/ArrayIndexOutOfBoundsException'> (0x00000000d6efe150) thrown at [C:\re\workspace\8-2-build-windows-amd64-cygwin\jdk8u102\7268\hotspot\src\share\vm\runtime\sharedRuntime.cpp, line 605]
Event: 0.572 Thread 0x0000000019a80800 Exception <a 'java/lang/ArrayIndexOutOfBoundsException'> (0x00000000d6efee50) thrown at [C:\re\workspace\8-2-build-windows-amd64-cygwin\jdk8u102\7268\hotspot\src\share\vm\runtime\sharedRuntime.cpp, line 605]
Event: 0.572 Thread 0x0000000019a80800 Exception <a 'java/lang/ArrayIndexOutOfBoundsException'> (0x00000000d6f001f8) thrown at [C:\re\workspace\8-2-build-windows-amd64-cygwin\jdk8u102\7268\hotspot\src\share\vm\runtime\sharedRuntime.cpp, line 605]
Event: 0.711 Thread 0x0000000019a80800 Implicit null exception at 0x0000000002db6c56 to 0x0000000002db6ff9
Event: 1.936 Thread 0x0000000019a80800 Exception <a 'java/lang/ArrayIndexOutOfBoundsException'> (0x00000000d670da20) thrown at [C:\re\workspace\8-2-build-windows-amd64-cygwin\jdk8u102\7268\hotspot\src\share\vm\runtime\sharedRuntime.cpp, line 605]
Event: 1.937 Thread 0x0000000019a80800 Exception <a 'java/lang/ArrayIndexOutOfBoundsException'> (0x00000000d670ec10) thrown at [C:\re\workspace\8-2-build-windows-amd64-cygwin\jdk8u102\7268\hotspot\src\share\vm\runtime\sharedRuntime.cpp, line 605]
Event: 1.945 Thread 0x0000000019a80800 Exception <a 'java/lang/ArrayIndexOutOfBoundsException'> (0x00000000d675e800) thrown at [C:\re\workspace\8-2-build-windows-amd64-cygwin\jdk8u102\7268\hotspot\src\share\vm\runtime\sharedRuntime.cpp, line 605]
Event: 2.001 Thread 0x0000000019a80800 Exception <a 'java/lang/ArrayIndexOutOfBoundsException': 41> (0x00000000d69e1520) thrown at [C:\re\workspace\8-2-build-windows-amd64-cygwin\jdk8u102\7268\hotspot\src\share\vm\interpreter\interpreterRuntime.cpp, line 366]
Event: 2.001 Thread 0x0000000019a80800 Exception <a 'java/lang/ArrayIndexOutOfBoundsException': 139> (0x00000000d69e31d0) thrown at [C:\re\workspace\8-2-build-windows-amd64-cygwin\jdk8u102\7268\hotspot\src\share\vm\interpreter\interpreterRuntime.cpp, line 366]
Event: 2.770 Thread 0x0000000019a80800 Implicit null exception at 0x0000000002e86b75 to 0x0000000002e86d91

Events (10 events):
Event: 16.575 loading class java/util/concurrent/locks/ReentrantReadWriteLock$NonfairSync
Event: 16.575 loading class java/util/concurrent/locks/ReentrantReadWriteLock$Sync
Event: 16.575 loading class java/util/concurrent/locks/ReentrantReadWriteLock$Sync done
Event: 16.575 loading class java/util/concurrent/locks/ReentrantReadWriteLock$NonfairSync done
Event: 16.575 loading class java/util/concurrent/locks/ReentrantReadWriteLock$Sync$ThreadLocalHoldCounter
Event: 16.575 loading class java/util/concurrent/locks/ReentrantReadWriteLock$Sync$ThreadLocalHoldCounter done
Event: 16.575 loading class java/util/concurrent/locks/ReentrantReadWriteLock$ReadLock
Event: 16.575 loading class java/util/concurrent/locks/ReentrantReadWriteLock$ReadLock done
Event: 16.575 loading class java/util/concurrent/locks/ReentrantReadWriteLock$WriteLock
Event: 16.575 Executing VM operation: CollectForMetadataAllocation


Dynamic libraries:
0x00007ff708dc0000 - 0x00007ff708df7000 	C:\Program Files\Java\jre1.8.0_102\bin\javaw.exe
0x00007ff9dc8c0000 - 0x00007ff9dca91000 	C:\WINDOWS\SYSTEM32\ntdll.dll
0x00007ff9dc5a0000 - 0x00007ff9dc64b000 	C:\WINDOWS\System32\KERNEL32.DLL
0x00007ff9d8f70000 - 0x00007ff9d918d000 	C:\WINDOWS\System32\KERNELBASE.dll
0x00007ff9dc060000 - 0x00007ff9dc102000 	C:\WINDOWS\System32\ADVAPI32.dll
0x00007ff9dbc10000 - 0x00007ff9dbcae000 	C:\WINDOWS\System32\msvcrt.dll
0x00007ff9dbf30000 - 0x00007ff9dbf89000 	C:\WINDOWS\System32\sechost.dll
0x00007ff9db810000 - 0x00007ff9db931000 	C:\WINDOWS\System32\RPCRT4.dll
0x00007ff9dc650000 - 0x00007ff9dc7b5000 	C:\WINDOWS\System32\USER32.dll
0x00007ff9d9d80000 - 0x00007ff9d9d9e000 	C:\WINDOWS\System32\win32u.dll
0x00007ff9dbe70000 - 0x00007ff9dbea4000 	C:\WINDOWS\System32\GDI32.dll
0x00007ff9d9a40000 - 0x00007ff9d9bc2000 	C:\WINDOWS\System32\gdi32full.dll
0x00007ff9cf800000 - 0x00007ff9cfa79000 	C:\WINDOWS\WinSxS\amd64_microsoft.windows.common-controls_6595b64144ccf1df_6.0.14393.447_none_42191651c6827bb3\COMCTL32.dll
0x00007ff9db940000 - 0x00007ff9dbc07000 	C:\WINDOWS\System32\combase.dll
0x00007ff9d9bd0000 - 0x00007ff9d9cc5000 	C:\WINDOWS\System32\ucrtbase.dll
0x00007ff9d8f00000 - 0x00007ff9d8f6a000 	C:\WINDOWS\System32\bcryptPrimitives.dll
0x00007ff9db490000 - 0x00007ff9db4be000 	C:\WINDOWS\System32\IMM32.DLL
0x000000005de80000 - 0x000000005df51000 	C:\Program Files\Java\jre1.8.0_102\bin\msvcr100.dll
0x000000005bb90000 - 0x000000005c42a000 	C:\Program Files\Java\jre1.8.0_102\bin\server\jvm.dll
0x00007ff9d9e50000 - 0x00007ff9d9e58000 	C:\WINDOWS\System32\PSAPI.DLL
0x00007ff9d5170000 - 0x00007ff9d5179000 	C:\WINDOWS\SYSTEM32\WSOCK32.dll
0x00007ff9db660000 - 0x00007ff9db6ca000 	C:\WINDOWS\System32\WS2_32.dll
0x00007ff9d71b0000 - 0x00007ff9d71d3000 	C:\WINDOWS\SYSTEM32\WINMM.dll
0x00007ff9d2a30000 - 0x00007ff9d2a3a000 	C:\WINDOWS\SYSTEM32\VERSION.dll
0x00000000028d0000 - 0x00000000028fb000 	C:\WINDOWS\SYSTEM32\WINMMBASE.dll
0x00007ff9d8e10000 - 0x00007ff9d8e52000 	C:\WINDOWS\System32\cfgmgr32.dll
0x000000005e020000 - 0x000000005e02f000 	C:\Program Files\Java\jre1.8.0_102\bin\verify.dll
0x000000005dff0000 - 0x000000005e019000 	C:\Program Files\Java\jre1.8.0_102\bin\java.dll
0x000000005dfd0000 - 0x000000005dfe6000 	C:\Program Files\Java\jre1.8.0_102\bin\zip.dll
0x00007ff9d9ee0000 - 0x00007ff9db3e9000 	C:\WINDOWS\System32\SHELL32.dll
0x00007ff9d9360000 - 0x00007ff9d9a3a000 	C:\WINDOWS\System32\windows.storage.dll
0x00007ff9d8d50000 - 0x00007ff9d8d9c000 	C:\WINDOWS\System32\powrprof.dll
0x00007ff9dc540000 - 0x00007ff9dc592000 	C:\WINDOWS\System32\shlwapi.dll
0x00007ff9d8da0000 - 0x00007ff9d8daf000 	C:\WINDOWS\System32\kernel.appcore.dll
0x00007ff9d9cd0000 - 0x00007ff9d9d79000 	C:\WINDOWS\System32\shcore.dll
0x00007ff9d8d30000 - 0x00007ff9d8d44000 	C:\WINDOWS\System32\profapi.dll
0x00007ff9c5140000 - 0x00007ff9c522f000 	C:\Program Files\Java\jre1.8.0_102\bin\msvcr120.dll
0x00007ff9cf5b0000 - 0x00007ff9cf656000 	C:\Program Files\Java\jre1.8.0_102\bin\msvcp120.dll
0x000000005de40000 - 0x000000005de62000 	C:\Program Files\Java\jre1.8.0_102\bin\prism_d3d.dll
0x00007ff9b65b0000 - 0x00007ff9b673d000 	C:\WINDOWS\system32\d3d9.dll
0x00007ff9d70c0000 - 0x00007ff9d70e6000 	C:\WINDOWS\SYSTEM32\dwmapi.dll
0x00007ff9d7510000 - 0x00007ff9d75a5000 	C:\WINDOWS\system32\uxtheme.dll
0x00007ff9a0020000 - 0x00007ff9a2307000 	C:\WINDOWS\SYSTEM32\igdumdim64.dll
0x00007ff9dc110000 - 0x00007ff9dc539000 	C:\WINDOWS\System32\SETUPAPI.dll
0x00007ff9dbfa0000 - 0x00007ff9dc05f000 	C:\WINDOWS\System32\OLEAUT32.dll
0x00007ff9d8e60000 - 0x00007ff9d8efc000 	C:\WINDOWS\System32\msvcp_win.dll
0x00007ff9db6d0000 - 0x00007ff9db807000 	C:\WINDOWS\System32\ole32.dll
0x000000005cb40000 - 0x000000005cb83000 	C:\Program Files\Java\jre1.8.0_102\bin\glass.dll
0x00007ff9dc7c0000 - 0x00007ff9dc8ba000 	C:\WINDOWS\System32\COMDLG32.dll
0x00007ff9dbcb0000 - 0x00007ff9dbe0b000 	C:\WINDOWS\System32\MSCTF.dll
0x00007ff9cec10000 - 0x00007ff9ceca8000 	C:\Program Files\Common Files\microsoft shared\ink\tiptsf.dll
0x00007ff9b1e10000 - 0x00007ff9b2813000 	C:\WINDOWS\SYSTEM32\igdusc64.dll
0x000000005de20000 - 0x000000005de34000 	C:\Program Files\Java\jre1.8.0_102\bin\javafx_font.dll
0x00007ff9d3620000 - 0x00007ff9d3889000 	C:\WINDOWS\SYSTEM32\dwrite.dll
0x000000005dfb0000 - 0x000000005dfca000 	C:\Program Files\Java\jre1.8.0_102\bin\net.dll
0x00007ff9d8520000 - 0x00007ff9d857c000 	C:\WINDOWS\system32\mswsock.dll
0x00007ff9d8300000 - 0x00007ff9d83a0000 	C:\WINDOWS\SYSTEM32\DNSAPI.dll
0x00007ff9d9e60000 - 0x00007ff9d9e68000 	C:\WINDOWS\System32\NSI.dll
0x00007ff9d82b0000 - 0x00007ff9d82e8000 	C:\WINDOWS\SYSTEM32\IPHLPAPI.DLL
0x00007ff9c9b20000 - 0x00007ff9c9b2a000 	C:\Windows\System32\rasadhlp.dll
0x00007ff9d0110000 - 0x00007ff9d017a000 	C:\WINDOWS\System32\fwpuclnt.dll
0x00007ff9d8c60000 - 0x00007ff9d8c8b000 	C:\WINDOWS\SYSTEM32\bcrypt.dll
0x00007ff9d8790000 - 0x00007ff9d87a7000 	C:\WINDOWS\SYSTEM32\CRYPTSP.dll
0x00007ff9d86a0000 - 0x00007ff9d86d3000 	C:\WINDOWS\system32\rsaenh.dll
0x00007ff9d83b0000 - 0x00007ff9d83cf000 	C:\WINDOWS\SYSTEM32\USERENV.dll
0x00007ff9d87b0000 - 0x00007ff9d87bb000 	C:\WINDOWS\SYSTEM32\CRYPTBASE.dll
0x00007ff9cff30000 - 0x00007ff9cff46000 	C:\WINDOWS\SYSTEM32\dhcpcsvc6.DLL
0x00007ff9cff10000 - 0x00007ff9cff2a000 	C:\WINDOWS\SYSTEM32\dhcpcsvc.DLL
0x000000005df90000 - 0x000000005dfa1000 	C:\Program Files\Java\jre1.8.0_102\bin\nio.dll
0x00007ff9db3f0000 - 0x00007ff9db48f000 	C:\WINDOWS\System32\clbcatq.dll
0x00007ff9d4780000 - 0x00007ff9d4928000 	C:\WINDOWS\SYSTEM32\WindowsCodecs.dll
0x00007ff9d3d10000 - 0x00007ff9d3d59000 	C:\WINDOWS\system32\dataexchange.dll
0x00007ff9d5b30000 - 0x00007ff9d5c81000 	C:\WINDOWS\system32\dcomp.dll
0x00007ff9d4230000 - 0x00007ff9d44e6000 	C:\WINDOWS\system32\d3d11.dll
0x00007ff9d7c50000 - 0x00007ff9d7cef000 	C:\WINDOWS\system32\dxgi.dll
0x00007ff9d7750000 - 0x00007ff9d786c000 	C:\WINDOWS\system32\twinapi.appcore.dll
0x00007ff9d14b0000 - 0x00007ff9d14e2000 	C:\Program Files\Common Files\Microsoft Shared\Ink\rtscom.dll
0x00007ff9d3ed0000 - 0x00007ff9d407b000 	C:\Windows\System32\uiautomationcore.dll
0x00007ff9d8bc0000 - 0x00007ff9d8c58000 	C:\WINDOWS\SYSTEM32\sxs.dll
0x00007ff9ce990000 - 0x00007ff9ce9f5000 	C:\WINDOWS\SYSTEM32\OLEACC.dll
0x000000005cb20000 - 0x000000005cb31000 	C:\Program Files\Java\jre1.8.0_102\bin\prism_common.dll

VM Arguments:
jvm_args: -Dfile.encoding=Cp1252 
java_command: app.App
java_class_path (initial): C:\Users\Ruan\workspace\TaskFacil\bin;C:\Users\Ruan\.p2\pool\plugins\org.eclipse.fx.ide.css.jfx8_2.4.0.201605112122.jar;C:\Users\Ruan\Desktop\mysql-connector-java-5.1.39-bin.jar;C:\Users\Ruan\Desktop\Hibernate\lib\antlr-2.7.7.jar;C:\Users\Ruan\Desktop\Hibernate\lib\mchange-commons-java-0.2.3.4.jar;C:\Users\Ruan\Desktop\Hibernate\lib\c3p0-0.9.2.1.jar;C:\Users\Ruan\Desktop\Hibernate\lib\cdi-api-1.1.jar;C:\Users\Ruan\Desktop\Hibernate\lib\classmate-1.3.0.jar;C:\Users\Ruan\Desktop\Hibernate\lib\dom4j-1.6.1.jar;C:\Users\Ruan\Desktop\Hibernate\lib\ehcache-2.10.3.jar;C:\Users\Ruan\Desktop\Hibernate\lib\el-api-2.2.jar;C:\Users\Ruan\Desktop\Hibernate\lib\geolatte-geom-1.0.6.jar;C:\Users\Ruan\Desktop\Hibernate\lib\geronimo-jta_1.1_spec-1.1.1.jar;C:\Users\Ruan\Desktop\Hibernate\lib\guava-18.0.jar;C:\Users\Ruan\Desktop\Hibernate\lib\hibernate-c3p0-5.2.4.Final.jar;C:\Users\Ruan\Desktop\Hibernate\lib\hibernate-commons-annotations-5.0.1.Final.jar;C:\Users\Ruan\Desktop\Hibernate\lib\hibernate-core-5.2.4.Final.jar;C:\Users\Ruan\Desktop\Hibernate\lib\hibernate-ehcache-5.2.4.Final.jar;C:\Users\Ruan\Desktop\Hibernate\lib\hibernate-envers-5.2.4.Final.jar;C:\Users\Ruan\Desktop\Hibernate\lib\hibernate-infinispan-5.2.4.Final.jar;C:\Users\Ruan\Desktop\Hibernate\lib\hibernate-infinispan-5.2.4.Final-tests.jar;C:\Users\Ruan\Desktop\Hibernate\lib\hibernate-jpa-2.1-api-1.0.0.Final.jar;C:\Users\Ruan\Desktop\Hibernate\lib\hibernate-jpamodelgen-5.2.4.Final.jar;C:\Users\Ruan\Desktop\Hibernate\lib\hibernate-osgi-5.2.4.Final.jar;C:\Users\Ruan\Desktop\Hibernate\lib\hibernate-proxool-5.2.4.Final.jar;C:\Users\Ruan\Desktop\Hibernate\lib\hibernate-spatial-5.2.4.Final.jar;C:\Users\Ruan\Desktop\Hibernate\lib\infinispan-commons-8.2.3.Final.jar;C:\Users\Ruan\Desktop\Hibernate\lib\infinispan-core-8.2.3.Final.jar;C:\Users\Ruan\Desktop\Hibernate\lib\jandex-2.0.0.Final.jar;C:\Users\Ruan\Desktop\Hibernate\lib\javassist-3.20.0-GA.jar;C:\Users\Ruan\Desktop\Hibernate\lib\javax.inject-1.jar
Launcher Type: SUN_STANDARD

Environment Variables:
JAVA_HOME=C:\Program Files\Java\jdk1.8.0_102
PATH=C:/Program Files/Java/jre1.8.0_102/bin/server;C:/Program Files/Java/jre1.8.0_102/bin;C:/Program Files/Java/jre1.8.0_102/lib/amd64;C:\ProgramData\Oracle\Java\javapath;C:\Program Files (x86)\Intel\iCLS Client\;C:\Program Files\Intel\iCLS Client\;C:\WINDOWS\system32;C:\WINDOWS;C:\WINDOWS\System32\Wbem;C:\WINDOWS\System32\WindowsPowerShell\v1.0\;C:\Program Files (x86)\Intel\Intel(R) Management Engine Components\DAL;C:\Program Files\Intel\Intel(R) Management Engine Components\DAL;C:\Program Files (x86)\Intel\Intel(R) Management Engine Components\IPT;C:\Program Files\Intel\Intel(R) Management Engine Components\IPT;C:\Program Files\Intel\WiFi\bin\;C:\Program Files\Common Files\Intel\WirelessCommon\;C:\WINDOWS\system32\config\systemprofile\.dnx\bin;C:\Program Files\Microsoft DNX\Dnvm\;C:\Program Files\Microsoft SQL Server\120\Tools\Binn\;C:\Program Files\Microsoft SQL Server\130\Tools\Binn\;C:\Program Files (x86)\Windows Kits\10\Windows Performance Toolkit\;C:\Program Files (x86)\nodejs\;C:\Program Files\Microsoft SQL Server\120\DTS\Binn\;C:\Program Files\Microsoft SQL Server\Client SDK\ODBC\110\Tools\Binn\;C:\Program Files (x86)\Microsoft SQL Server\120\Tools\Binn\;C:\Program Files (x86)\Microsoft SQL Server\120\Tools\Binn\ManagementStudio\;C:\Program Files (x86)\Microsoft SQL Server\120\DTS\Binn\;C:\Program Files (x86)\Skype\Phone\;C:\Program Files\Git\cmd;C:\Users\Ruan\AppData\Roaming\npm;%USERPROFILE%\AppData\Local\Microsoft\WindowsApps;;C:\WINDOWS\System32;
USERNAME=Ruan
OS=Windows_NT
PROCESSOR_IDENTIFIER=Intel64 Family 6 Model 61 Stepping 4, GenuineIntel



---------------  S Y S T E M  ---------------

OS: Windows 10.0 , 64 bit Build 14393 (10.0.14393.0)

CPU:total 4 (2 cores per cpu, 2 threads per core) family 6 model 61 stepping 4, cmov, cx8, fxsr, mmx, sse, sse2, sse3, ssse3, sse4.1, sse4.2, popcnt, avx, avx2, aes, clmul, erms, 3dnowpref, lzcnt, ht, tsc, tscinvbit, bmi1, bmi2, adx

Memory: 4k page, physical 8301904k(2815860k free), swap 8301904k(4276k free)

vm_info: Java HotSpot(TM) 64-Bit Server VM (25.102-b14) for windows-amd64 JRE (1.8.0_102-b14), built on Jun 22 2016 13:15:21 by "java_re" with MS VC++ 10.0 (VS2010)

time: Wed Nov 23 19:03:52 2016
elapsed time: 16 seconds (0d 0h 0m 16s)

